This file contains any messages produced by compilers while
running configure, to aid debugging if configure makes a mistake.

It was created by log4cpp configure 1.1, which was
generated by GNU Autoconf 2.69.  Invocation command line was

  $ ./configure os=-linux-android --host=arm-linux-androideabi --with-sysroot=/home/test/android-ndk-r9c//platforms/android-9/arch-arm --prefix=/home/test/android/prefix

## --------- ##
## Platform. ##
## --------- ##

hostname = ubuntu
uname -m = x86_64
uname -r = 3.11.0-17-generic
uname -s = Linux
uname -v = #31~precise1-Ubuntu SMP Tue Feb 4 21:25:43 UTC 2014

/usr/bin/uname -p = unknown
/bin/uname -X     = unknown

/bin/arch              = unknown
/usr/bin/arch -k       = unknown
/usr/convex/getsysinfo = unknown
/usr/bin/hostinfo      = unknown
/bin/machine           = unknown
/usr/bin/oslevel       = unknown
/bin/universe          = unknown

PATH: /home/test/VPN/autoconf/bin
PATH: /home/test/bin
PATH: /home/test/bin
PATH: /usr/lib/lightdm/lightdm
PATH: /usr/local/sbin
PATH: /usr/local/bin
PATH: /usr/sbin
PATH: /usr/bin
PATH: /sbin
PATH: /bin
PATH: /usr/games
PATH: .
PATH: /home/test/adt-bundle-linux-x86_64-20131030/sdk/platform-tools
PATH: /home/test/adt-bundle-linux-x86_64-20131030/sdk/tools
PATH: /home/test/adt-bundle-linux-x86_64-20131030/sdk
PATH: /home/test/android-ndk-r9c


## ----------- ##
## Core tests. ##
## ----------- ##

configure:2420: checking for a BSD-compatible install
configure:2488: result: /usr/bin/install -c
configure:2499: checking whether build environment is sane
configure:2549: result: yes
configure:2577: WARNING: `missing' script is too old or missing
configure:2598: checking for arm-linux-androideabi-strip
configure:2625: result: /home/test/android-ndk-r9c//toolchains/arm-linux-androideabi-4.8/prebuilt/linux-x86_64/bin/arm-linux-androideabi-strip
configure:2690: checking for a thread-safe mkdir -p
configure:2729: result: /bin/mkdir -p
configure:2742: checking for gawk
configure:2772: result: no
configure:2742: checking for mawk
configure:2758: found /usr/bin/mawk
configure:2769: result: mawk
configure:2780: checking whether make sets $(MAKE)
configure:2802: result: yes
configure:2898: checking build system type
configure:2912: result: x86_64-unknown-linux-gnu
configure:2932: checking host system type
configure:2945: result: arm-unknown-linux-androideabi
configure:3028: checking how to print strings
configure:3055: result: printf
configure:3088: checking for style of include used by make
configure:3116: result: GNU
configure:3147: checking for arm-linux-androideabi-gcc
configure:3174: result: /home/test/android-ndk-r9c//toolchains/arm-linux-androideabi-4.8/prebuilt/linux-x86_64/bin/arm-linux-androideabi-gcc
configure:3443: checking for C compiler version
configure:3452: /home/test/android-ndk-r9c//toolchains/arm-linux-androideabi-4.8/prebuilt/linux-x86_64/bin/arm-linux-androideabi-gcc --version >&5
arm-linux-androideabi-gcc (GCC) 4.8
Copyright (C) 2013 Free Software Foundation, Inc.
This is free software; see the source for copying conditions.  There is NO
warranty; not even for MERCHANTABILITY or FITNESS FOR A PARTICULAR PURPOSE.

configure:3463: $? = 0
configure:3452: /home/test/android-ndk-r9c//toolchains/arm-linux-androideabi-4.8/prebuilt/linux-x86_64/bin/arm-linux-androideabi-gcc -v >&5
Using built-in specs.
COLLECT_GCC=/home/test/android-ndk-r9c//toolchains/arm-linux-androideabi-4.8/prebuilt/linux-x86_64/bin/arm-linux-androideabi-gcc
COLLECT_LTO_WRAPPER=/home/test/android-ndk-r9c/toolchains/arm-linux-androideabi-4.8/prebuilt/linux-x86_64/bin/../libexec/gcc/arm-linux-androideabi/4.8/lto-wrapper
Target: arm-linux-androideabi
Configured with: /s/ndk-toolchain/src/build/../gcc/gcc-4.8/configure --prefix=/tmp/ndk-andrewhsieh/build/toolchain/prefix --target=arm-linux-androideabi --host=x86_64-linux-gnu --build=x86_64-linux-gnu --with-gnu-as --with-gnu-ld --enable-languages=c,c++ --with-gmp=/tmp/ndk-andrewhsieh/build/toolchain/temp-install --with-mpfr=/tmp/ndk-andrewhsieh/build/toolchain/temp-install --with-mpc=/tmp/ndk-andrewhsieh/build/toolchain/temp-install --with-cloog=/tmp/ndk-andrewhsieh/build/toolchain/temp-install --with-isl=/tmp/ndk-andrewhsieh/build/toolchain/temp-install --with-ppl=/tmp/ndk-andrewhsieh/build/toolchain/temp-install --disable-ppl-version-check --disable-cloog-version-check --disable-isl-version-check --enable-cloog-backend=isl --with-host-libstdcxx='-static-libgcc -Wl,-Bstatic,-lstdc++,-Bdynamic -lm' --disable-libssp --enable-threads --disable-nls --disable-libmudflap --disable-libgomp --disable-libstdc__-v3 --disable-sjlj-exceptions --disable-shared --disable-tls --disable-libitm --with-float=soft --with-fpu=vfp --with-arch=armv5te --enable-target-optspace --enable-initfini-array --disable-nls --prefix=/tmp/ndk-andrewhsieh/build/toolchain/prefix --with-sysroot=/tmp/ndk-andrewhsieh/build/toolchain/prefix/sysroot --with-binutils-version=2.23 --with-mpfr-version=3.1.1 --with-mpc-version=1.0.1 --with-gmp-version=5.0.5 --with-gcc-version=4.8 --with-gdb-version=7.3.x --with-python=/usr/local/google/home/andrewhsieh/mydroid/ndk/prebuilt/linux-x86_64/bin/python-config.sh --with-gxx-include-dir=/tmp/ndk-andrewhsieh/build/toolchain/prefix/include/c++/4.8 --with-bugurl=http://source.android.com/source/report-bugs.html --disable-bootstrap --disable-libquadmath --enable-plugins --enable-libgomp --disable-libsanitizer --enable-gold --enable-graphite=yes --with-cloog-version=0.18.0 --with-isl-version=0.11.1 --enable-eh-frame-hdr-for-static --with-arch=armv5te --program-transform-name='s&^&arm-linux-androideabi-&' --enable-gold=default
Thread model: posix
gcc version 4.8 (GCC) 
configure:3463: $? = 0
configure:3452: /home/test/android-ndk-r9c//toolchains/arm-linux-androideabi-4.8/prebuilt/linux-x86_64/bin/arm-linux-androideabi-gcc -V >&5
arm-linux-androideabi-gcc: error: unrecognized command line option '-V'
arm-linux-androideabi-gcc: fatal error: no input files
compilation terminated.
configure:3463: $? = 1
configure:3452: /home/test/android-ndk-r9c//toolchains/arm-linux-androideabi-4.8/prebuilt/linux-x86_64/bin/arm-linux-androideabi-gcc -qversion >&5
arm-linux-androideabi-gcc: error: unrecognized command line option '-qversion'
arm-linux-androideabi-gcc: fatal error: no input files
compilation terminated.
configure:3463: $? = 1
configure:3483: checking whether the C compiler works
configure:3505: /home/test/android-ndk-r9c//toolchains/arm-linux-androideabi-4.8/prebuilt/linux-x86_64/bin/arm-linux-androideabi-gcc  --sysroot=/home/test/android-ndk-r9c//platforms/android-9/arch-arm -I/home/test/android-ndk-r9c//platforms/android-9/arch-arm/usr/include -I/home/test/android-ndk-r9c//toolchains/arm-linux-androideabi-4.8/prebuilt/linux-x86_64/include -I/home/test/android/bionic  --sysroot=/home/test/android-ndk-r9c//platforms/android-9/arch-arm -I/home/test/android-ndk-r9c//platforms/android-9/arch-arm/usr/include -I/home/test/android-ndk-r9c//toolchains/arm-linux-androideabi-4.8/prebuilt/linux-x86_64/include -I/home/test/android/bionic  -L/home/test/android-ndk-r9c//platforms/android-9/arch-arm/usr/lib -L/home/test/android-ndk-r9c//toolchains/arm-linux-androideabi-4.8/prebuilt/linux-x86_64/lib conftest.c  >&5
configure:3509: $? = 0
configure:3557: result: yes
configure:3560: checking for C compiler default output file name
configure:3562: result: a.out
configure:3568: checking for suffix of executables
configure:3575: /home/test/android-ndk-r9c//toolchains/arm-linux-androideabi-4.8/prebuilt/linux-x86_64/bin/arm-linux-androideabi-gcc -o conftest  --sysroot=/home/test/android-ndk-r9c//platforms/android-9/arch-arm -I/home/test/android-ndk-r9c//platforms/android-9/arch-arm/usr/include -I/home/test/android-ndk-r9c//toolchains/arm-linux-androideabi-4.8/prebuilt/linux-x86_64/include -I/home/test/android/bionic  --sysroot=/home/test/android-ndk-r9c//platforms/android-9/arch-arm -I/home/test/android-ndk-r9c//platforms/android-9/arch-arm/usr/include -I/home/test/android-ndk-r9c//toolchains/arm-linux-androideabi-4.8/prebuilt/linux-x86_64/include -I/home/test/android/bionic  -L/home/test/android-ndk-r9c//platforms/android-9/arch-arm/usr/lib -L/home/test/android-ndk-r9c//toolchains/arm-linux-androideabi-4.8/prebuilt/linux-x86_64/lib conftest.c  >&5
configure:3579: $? = 0
configure:3601: result: 
configure:3623: checking whether we are cross compiling
configure:3631: /home/test/android-ndk-r9c//toolchains/arm-linux-androideabi-4.8/prebuilt/linux-x86_64/bin/arm-linux-androideabi-gcc -o conftest  --sysroot=/home/test/android-ndk-r9c//platforms/android-9/arch-arm -I/home/test/android-ndk-r9c//platforms/android-9/arch-arm/usr/include -I/home/test/android-ndk-r9c//toolchains/arm-linux-androideabi-4.8/prebuilt/linux-x86_64/include -I/home/test/android/bionic  --sysroot=/home/test/android-ndk-r9c//platforms/android-9/arch-arm -I/home/test/android-ndk-r9c//platforms/android-9/arch-arm/usr/include -I/home/test/android-ndk-r9c//toolchains/arm-linux-androideabi-4.8/prebuilt/linux-x86_64/include -I/home/test/android/bionic  -L/home/test/android-ndk-r9c//platforms/android-9/arch-arm/usr/lib -L/home/test/android-ndk-r9c//toolchains/arm-linux-androideabi-4.8/prebuilt/linux-x86_64/lib conftest.c  >&5
configure:3635: $? = 0
configure:3642: ./conftest
./configure: line 3644: ./conftest: cannot execute binary file
configure:3646: $? = 126
configure:3661: result: yes
configure:3666: checking for suffix of object files
configure:3688: /home/test/android-ndk-r9c//toolchains/arm-linux-androideabi-4.8/prebuilt/linux-x86_64/bin/arm-linux-androideabi-gcc -c  --sysroot=/home/test/android-ndk-r9c//platforms/android-9/arch-arm -I/home/test/android-ndk-r9c//platforms/android-9/arch-arm/usr/include -I/home/test/android-ndk-r9c//toolchains/arm-linux-androideabi-4.8/prebuilt/linux-x86_64/include -I/home/test/android/bionic  --sysroot=/home/test/android-ndk-r9c//platforms/android-9/arch-arm -I/home/test/android-ndk-r9c//platforms/android-9/arch-arm/usr/include -I/home/test/android-ndk-r9c//toolchains/arm-linux-androideabi-4.8/prebuilt/linux-x86_64/include -I/home/test/android/bionic conftest.c >&5
configure:3692: $? = 0
configure:3713: result: o
configure:3717: checking whether we are using the GNU C compiler
configure:3736: /home/test/android-ndk-r9c//toolchains/arm-linux-androideabi-4.8/prebuilt/linux-x86_64/bin/arm-linux-androideabi-gcc -c  --sysroot=/home/test/android-ndk-r9c//platforms/android-9/arch-arm -I/home/test/android-ndk-r9c//platforms/android-9/arch-arm/usr/include -I/home/test/android-ndk-r9c//toolchains/arm-linux-androideabi-4.8/prebuilt/linux-x86_64/include -I/home/test/android/bionic  --sysroot=/home/test/android-ndk-r9c//platforms/android-9/arch-arm -I/home/test/android-ndk-r9c//platforms/android-9/arch-arm/usr/include -I/home/test/android-ndk-r9c//toolchains/arm-linux-androideabi-4.8/prebuilt/linux-x86_64/include -I/home/test/android/bionic conftest.c >&5
configure:3736: $? = 0
configure:3745: result: yes
configure:3754: checking whether /home/test/android-ndk-r9c//toolchains/arm-linux-androideabi-4.8/prebuilt/linux-x86_64/bin/arm-linux-androideabi-gcc accepts -g
configure:3774: /home/test/android-ndk-r9c//toolchains/arm-linux-androideabi-4.8/prebuilt/linux-x86_64/bin/arm-linux-androideabi-gcc -c -g  --sysroot=/home/test/android-ndk-r9c//platforms/android-9/arch-arm -I/home/test/android-ndk-r9c//platforms/android-9/arch-arm/usr/include -I/home/test/android-ndk-r9c//toolchains/arm-linux-androideabi-4.8/prebuilt/linux-x86_64/include -I/home/test/android/bionic conftest.c >&5
configure:3774: $? = 0
configure:3815: result: yes
configure:3832: checking for /home/test/android-ndk-r9c//toolchains/arm-linux-androideabi-4.8/prebuilt/linux-x86_64/bin/arm-linux-androideabi-gcc option to accept ISO C89
configure:3895: /home/test/android-ndk-r9c//toolchains/arm-linux-androideabi-4.8/prebuilt/linux-x86_64/bin/arm-linux-androideabi-gcc  -c  --sysroot=/home/test/android-ndk-r9c//platforms/android-9/arch-arm -I/home/test/android-ndk-r9c//platforms/android-9/arch-arm/usr/include -I/home/test/android-ndk-r9c//toolchains/arm-linux-androideabi-4.8/prebuilt/linux-x86_64/include -I/home/test/android/bionic  --sysroot=/home/test/android-ndk-r9c//platforms/android-9/arch-arm -I/home/test/android-ndk-r9c//platforms/android-9/arch-arm/usr/include -I/home/test/android-ndk-r9c//toolchains/arm-linux-androideabi-4.8/prebuilt/linux-x86_64/include -I/home/test/android/bionic conftest.c >&5
configure:3895: $? = 0
configure:3908: result: none needed
configure:3930: checking dependency style of /home/test/android-ndk-r9c//toolchains/arm-linux-androideabi-4.8/prebuilt/linux-x86_64/bin/arm-linux-androideabi-gcc
configure:4041: result: gcc3
configure:4056: checking for a sed that does not truncate output
configure:4120: result: /bin/sed
configure:4138: checking for grep that handles long lines and -e
configure:4196: result: /bin/grep
configure:4201: checking for egrep
configure:4263: result: /bin/grep -E
configure:4268: checking for fgrep
configure:4330: result: /bin/grep -F
configure:4365: checking for ld used by /home/test/android-ndk-r9c//toolchains/arm-linux-androideabi-4.8/prebuilt/linux-x86_64/bin/arm-linux-androideabi-gcc
configure:4432: result: /home/test/android-ndk-r9c//toolchains/arm-linux-androideabi-4.8/prebuilt/linux-x86_64/bin/arm-linux-androideabi-ld
configure:4439: checking if the linker (/home/test/android-ndk-r9c//toolchains/arm-linux-androideabi-4.8/prebuilt/linux-x86_64/bin/arm-linux-androideabi-ld) is GNU ld
configure:4454: result: yes
configure:4466: checking for BSD- or MS-compatible name lister (nm)
configure:4515: result: /home/test/android-ndk-r9c//toolchains/arm-linux-androideabi-4.8/prebuilt/linux-x86_64/bin/arm-linux-androideabi-nm
configure:4645: checking the name lister (/home/test/android-ndk-r9c//toolchains/arm-linux-androideabi-4.8/prebuilt/linux-x86_64/bin/arm-linux-androideabi-nm) interface
configure:4652: /home/test/android-ndk-r9c//toolchains/arm-linux-androideabi-4.8/prebuilt/linux-x86_64/bin/arm-linux-androideabi-gcc -c  --sysroot=/home/test/android-ndk-r9c//platforms/android-9/arch-arm -I/home/test/android-ndk-r9c//platforms/android-9/arch-arm/usr/include -I/home/test/android-ndk-r9c//toolchains/arm-linux-androideabi-4.8/prebuilt/linux-x86_64/include -I/home/test/android/bionic  --sysroot=/home/test/android-ndk-r9c//platforms/android-9/arch-arm -I/home/test/android-ndk-r9c//platforms/android-9/arch-arm/usr/include -I/home/test/android-ndk-r9c//toolchains/arm-linux-androideabi-4.8/prebuilt/linux-x86_64/include -I/home/test/android/bionic conftest.c >&5
configure:4655: /home/test/android-ndk-r9c//toolchains/arm-linux-androideabi-4.8/prebuilt/linux-x86_64/bin/arm-linux-androideabi-nm "conftest.o"
configure:4658: output
00000000 B some_variable
configure:4665: result: BSD nm
configure:4668: checking whether ln -s works
configure:4672: result: yes
configure:4680: checking the maximum length of command line arguments
configure:4810: result: 1572864
configure:4827: checking whether the shell understands some XSI constructs
configure:4837: result: yes
configure:4841: checking whether the shell understands "+="
configure:4847: result: yes
configure:4882: checking how to convert x86_64-unknown-linux-gnu file names to arm-unknown-linux-androideabi format
configure:4922: result: func_convert_file_noop
configure:4929: checking how to convert x86_64-unknown-linux-gnu file names to toolchain format
configure:4949: result: func_convert_file_noop
configure:4956: checking for /home/test/android-ndk-r9c//toolchains/arm-linux-androideabi-4.8/prebuilt/linux-x86_64/bin/arm-linux-androideabi-ld option to reload object files
configure:4963: result: -r
configure:4997: checking for arm-linux-androideabi-objdump
configure:5024: result: /home/test/android-ndk-r9c//toolchains/arm-linux-androideabi-4.8/prebuilt/linux-x86_64/bin/arm-linux-androideabi-objdump
configure:5096: checking how to recognize dependent libraries
configure:5298: result: pass_all
configure:5343: checking for arm-linux-androideabi-dlltool
configure:5373: result: no
configure:5383: checking for dlltool
configure:5413: result: no
configure:5443: checking how to associate runtime and link libraries
configure:5470: result: printf %s\n
configure:5487: checking for arm-linux-androideabi-ar
configure:5514: result: /home/test/android-ndk-r9c//toolchains/arm-linux-androideabi-4.8/prebuilt/linux-x86_64/bin/arm-linux-androideabi-ar
configure:5595: checking for archiver @FILE support
configure:5612: /home/test/android-ndk-r9c//toolchains/arm-linux-androideabi-4.8/prebuilt/linux-x86_64/bin/arm-linux-androideabi-gcc -c  --sysroot=/home/test/android-ndk-r9c//platforms/android-9/arch-arm -I/home/test/android-ndk-r9c//platforms/android-9/arch-arm/usr/include -I/home/test/android-ndk-r9c//toolchains/arm-linux-androideabi-4.8/prebuilt/linux-x86_64/include -I/home/test/android/bionic  --sysroot=/home/test/android-ndk-r9c//platforms/android-9/arch-arm -I/home/test/android-ndk-r9c//platforms/android-9/arch-arm/usr/include -I/home/test/android-ndk-r9c//toolchains/arm-linux-androideabi-4.8/prebuilt/linux-x86_64/include -I/home/test/android/bionic conftest.c >&5
configure:5612: $? = 0
configure:5615: /home/test/android-ndk-r9c//toolchains/arm-linux-androideabi-4.8/prebuilt/linux-x86_64/bin/arm-linux-androideabi-ar cru libconftest.a @conftest.lst >&5
configure:5618: $? = 0
configure:5623: /home/test/android-ndk-r9c//toolchains/arm-linux-androideabi-4.8/prebuilt/linux-x86_64/bin/arm-linux-androideabi-ar cru libconftest.a @conftest.lst >&5
/home/test/android-ndk-r9c//toolchains/arm-linux-androideabi-4.8/prebuilt/linux-x86_64/bin/arm-linux-androideabi-ar: conftest.o: No such file or directory
configure:5626: $? = 1
configure:5638: result: @
configure:5656: checking for arm-linux-androideabi-strip
configure:5683: result: /home/test/android-ndk-r9c//toolchains/arm-linux-androideabi-4.8/prebuilt/linux-x86_64/bin/arm-linux-androideabi-strip
configure:5755: checking for arm-linux-androideabi-ranlib
configure:5782: result: /home/test/android-ndk-r9c//toolchains/arm-linux-androideabi-4.8/prebuilt/linux-x86_64/bin/arm-linux-androideabi-ranlib
configure:5924: checking command to parse /home/test/android-ndk-r9c//toolchains/arm-linux-androideabi-4.8/prebuilt/linux-x86_64/bin/arm-linux-androideabi-nm output from /home/test/android-ndk-r9c//toolchains/arm-linux-androideabi-4.8/prebuilt/linux-x86_64/bin/arm-linux-androideabi-gcc object
configure:6044: /home/test/android-ndk-r9c//toolchains/arm-linux-androideabi-4.8/prebuilt/linux-x86_64/bin/arm-linux-androideabi-gcc -c  --sysroot=/home/test/android-ndk-r9c//platforms/android-9/arch-arm -I/home/test/android-ndk-r9c//platforms/android-9/arch-arm/usr/include -I/home/test/android-ndk-r9c//toolchains/arm-linux-androideabi-4.8/prebuilt/linux-x86_64/include -I/home/test/android/bionic  --sysroot=/home/test/android-ndk-r9c//platforms/android-9/arch-arm -I/home/test/android-ndk-r9c//platforms/android-9/arch-arm/usr/include -I/home/test/android-ndk-r9c//toolchains/arm-linux-androideabi-4.8/prebuilt/linux-x86_64/include -I/home/test/android/bionic conftest.c >&5
configure:6047: $? = 0
configure:6051: /home/test/android-ndk-r9c//toolchains/arm-linux-androideabi-4.8/prebuilt/linux-x86_64/bin/arm-linux-androideabi-nm conftest.o \| sed -n -e 's/^.*[ ]\([ABCDGIRSTW][ABCDGIRSTW]*\)[ ][ ]*\([_A-Za-z][_A-Za-z0-9]*\)$/\1 \2 \2/p' | sed '/ __gnu_lto/d' \> conftest.nm
configure:6054: $? = 0
configure:6120: /home/test/android-ndk-r9c//toolchains/arm-linux-androideabi-4.8/prebuilt/linux-x86_64/bin/arm-linux-androideabi-gcc -o conftest  --sysroot=/home/test/android-ndk-r9c//platforms/android-9/arch-arm -I/home/test/android-ndk-r9c//platforms/android-9/arch-arm/usr/include -I/home/test/android-ndk-r9c//toolchains/arm-linux-androideabi-4.8/prebuilt/linux-x86_64/include -I/home/test/android/bionic  --sysroot=/home/test/android-ndk-r9c//platforms/android-9/arch-arm -I/home/test/android-ndk-r9c//platforms/android-9/arch-arm/usr/include -I/home/test/android-ndk-r9c//toolchains/arm-linux-androideabi-4.8/prebuilt/linux-x86_64/include -I/home/test/android/bionic  -L/home/test/android-ndk-r9c//platforms/android-9/arch-arm/usr/lib -L/home/test/android-ndk-r9c//toolchains/arm-linux-androideabi-4.8/prebuilt/linux-x86_64/lib conftest.c conftstm.o >&5
configure:6123: $? = 0
configure:6161: result: ok
configure:6198: checking for sysroot
configure:6228: result: /home/test/android-ndk-r9c//platforms/android-9/arch-arm
configure:6444: checking for arm-linux-androideabi-mt
configure:6474: result: no
configure:6484: checking for mt
configure:6500: found /bin/mt
configure:6511: result: mt
configure:6523: WARNING: using cross tools not prefixed with host triplet
configure:6534: checking if mt is a manifest tool
configure:6540: mt '-?'
configure:6548: result: no
configure:7190: checking how to run the C preprocessor
configure:7260: result: /home/test/android-ndk-r9c//toolchains/arm-linux-androideabi-4.8/prebuilt/linux-x86_64/bin/arm-linux-androideabi-cpp
configure:7280: /home/test/android-ndk-r9c//toolchains/arm-linux-androideabi-4.8/prebuilt/linux-x86_64/bin/arm-linux-androideabi-cpp  --sysroot=/home/test/android-ndk-r9c//platforms/android-9/arch-arm -I/home/test/android-ndk-r9c//platforms/android-9/arch-arm/usr/include -I/home/test/android-ndk-r9c//toolchains/arm-linux-androideabi-4.8/prebuilt/linux-x86_64/include -I/home/test/android/bionic conftest.c
configure:7280: $? = 0
configure:7294: /home/test/android-ndk-r9c//toolchains/arm-linux-androideabi-4.8/prebuilt/linux-x86_64/bin/arm-linux-androideabi-cpp  --sysroot=/home/test/android-ndk-r9c//platforms/android-9/arch-arm -I/home/test/android-ndk-r9c//platforms/android-9/arch-arm/usr/include -I/home/test/android-ndk-r9c//toolchains/arm-linux-androideabi-4.8/prebuilt/linux-x86_64/include -I/home/test/android/bionic conftest.c
conftest.c:11:28: fatal error: ac_nonexistent.h: No such file or directory
 #include <ac_nonexistent.h>
                            ^
compilation terminated.
configure:7294: $? = 1
configure: failed program was:
| /* confdefs.h */
| #define PACKAGE_NAME "log4cpp"
| #define PACKAGE_TARNAME "log4cpp"
| #define PACKAGE_VERSION "1.1"
| #define PACKAGE_STRING "log4cpp 1.1"
| #define PACKAGE_BUGREPORT ""
| #define PACKAGE_URL ""
| #define PACKAGE "log4cpp"
| #define VERSION "1.1"
| /* end confdefs.h.  */
| #include <ac_nonexistent.h>
configure:7323: checking for ANSI C header files
configure:7343: /home/test/android-ndk-r9c//toolchains/arm-linux-androideabi-4.8/prebuilt/linux-x86_64/bin/arm-linux-androideabi-gcc -c  --sysroot=/home/test/android-ndk-r9c//platforms/android-9/arch-arm -I/home/test/android-ndk-r9c//platforms/android-9/arch-arm/usr/include -I/home/test/android-ndk-r9c//toolchains/arm-linux-androideabi-4.8/prebuilt/linux-x86_64/include -I/home/test/android/bionic  --sysroot=/home/test/android-ndk-r9c//platforms/android-9/arch-arm -I/home/test/android-ndk-r9c//platforms/android-9/arch-arm/usr/include -I/home/test/android-ndk-r9c//toolchains/arm-linux-androideabi-4.8/prebuilt/linux-x86_64/include -I/home/test/android/bionic conftest.c >&5
configure:7343: $? = 0
configure:7427: result: yes
configure:7440: checking for sys/types.h
configure:7440: /home/test/android-ndk-r9c//toolchains/arm-linux-androideabi-4.8/prebuilt/linux-x86_64/bin/arm-linux-androideabi-gcc -c  --sysroot=/home/test/android-ndk-r9c//platforms/android-9/arch-arm -I/home/test/android-ndk-r9c//platforms/android-9/arch-arm/usr/include -I/home/test/android-ndk-r9c//toolchains/arm-linux-androideabi-4.8/prebuilt/linux-x86_64/include -I/home/test/android/bionic  --sysroot=/home/test/android-ndk-r9c//platforms/android-9/arch-arm -I/home/test/android-ndk-r9c//platforms/android-9/arch-arm/usr/include -I/home/test/android-ndk-r9c//toolchains/arm-linux-androideabi-4.8/prebuilt/linux-x86_64/include -I/home/test/android/bionic conftest.c >&5
configure:7440: $? = 0
configure:7440: result: yes
configure:7440: checking for sys/stat.h
configure:7440: /home/test/android-ndk-r9c//toolchains/arm-linux-androideabi-4.8/prebuilt/linux-x86_64/bin/arm-linux-androideabi-gcc -c  --sysroot=/home/test/android-ndk-r9c//platforms/android-9/arch-arm -I/home/test/android-ndk-r9c//platforms/android-9/arch-arm/usr/include -I/home/test/android-ndk-r9c//toolchains/arm-linux-androideabi-4.8/prebuilt/linux-x86_64/include -I/home/test/android/bionic  --sysroot=/home/test/android-ndk-r9c//platforms/android-9/arch-arm -I/home/test/android-ndk-r9c//platforms/android-9/arch-arm/usr/include -I/home/test/android-ndk-r9c//toolchains/arm-linux-androideabi-4.8/prebuilt/linux-x86_64/include -I/home/test/android/bionic conftest.c >&5
configure:7440: $? = 0
configure:7440: result: yes
configure:7440: checking for stdlib.h
configure:7440: /home/test/android-ndk-r9c//toolchains/arm-linux-androideabi-4.8/prebuilt/linux-x86_64/bin/arm-linux-androideabi-gcc -c  --sysroot=/home/test/android-ndk-r9c//platforms/android-9/arch-arm -I/home/test/android-ndk-r9c//platforms/android-9/arch-arm/usr/include -I/home/test/android-ndk-r9c//toolchains/arm-linux-androideabi-4.8/prebuilt/linux-x86_64/include -I/home/test/android/bionic  --sysroot=/home/test/android-ndk-r9c//platforms/android-9/arch-arm -I/home/test/android-ndk-r9c//platforms/android-9/arch-arm/usr/include -I/home/test/android-ndk-r9c//toolchains/arm-linux-androideabi-4.8/prebuilt/linux-x86_64/include -I/home/test/android/bionic conftest.c >&5
configure:7440: $? = 0
configure:7440: result: yes
configure:7440: checking for string.h
configure:7440: /home/test/android-ndk-r9c//toolchains/arm-linux-androideabi-4.8/prebuilt/linux-x86_64/bin/arm-linux-androideabi-gcc -c  --sysroot=/home/test/android-ndk-r9c//platforms/android-9/arch-arm -I/home/test/android-ndk-r9c//platforms/android-9/arch-arm/usr/include -I/home/test/android-ndk-r9c//toolchains/arm-linux-androideabi-4.8/prebuilt/linux-x86_64/include -I/home/test/android/bionic  --sysroot=/home/test/android-ndk-r9c//platforms/android-9/arch-arm -I/home/test/android-ndk-r9c//platforms/android-9/arch-arm/usr/include -I/home/test/android-ndk-r9c//toolchains/arm-linux-androideabi-4.8/prebuilt/linux-x86_64/include -I/home/test/android/bionic conftest.c >&5
configure:7440: $? = 0
configure:7440: result: yes
configure:7440: checking for memory.h
configure:7440: /home/test/android-ndk-r9c//toolchains/arm-linux-androideabi-4.8/prebuilt/linux-x86_64/bin/arm-linux-androideabi-gcc -c  --sysroot=/home/test/android-ndk-r9c//platforms/android-9/arch-arm -I/home/test/android-ndk-r9c//platforms/android-9/arch-arm/usr/include -I/home/test/android-ndk-r9c//toolchains/arm-linux-androideabi-4.8/prebuilt/linux-x86_64/include -I/home/test/android/bionic  --sysroot=/home/test/android-ndk-r9c//platforms/android-9/arch-arm -I/home/test/android-ndk-r9c//platforms/android-9/arch-arm/usr/include -I/home/test/android-ndk-r9c//toolchains/arm-linux-androideabi-4.8/prebuilt/linux-x86_64/include -I/home/test/android/bionic conftest.c >&5
configure:7440: $? = 0
configure:7440: result: yes
configure:7440: checking for strings.h
configure:7440: /home/test/android-ndk-r9c//toolchains/arm-linux-androideabi-4.8/prebuilt/linux-x86_64/bin/arm-linux-androideabi-gcc -c  --sysroot=/home/test/android-ndk-r9c//platforms/android-9/arch-arm -I/home/test/android-ndk-r9c//platforms/android-9/arch-arm/usr/include -I/home/test/android-ndk-r9c//toolchains/arm-linux-androideabi-4.8/prebuilt/linux-x86_64/include -I/home/test/android/bionic  --sysroot=/home/test/android-ndk-r9c//platforms/android-9/arch-arm -I/home/test/android-ndk-r9c//platforms/android-9/arch-arm/usr/include -I/home/test/android-ndk-r9c//toolchains/arm-linux-androideabi-4.8/prebuilt/linux-x86_64/include -I/home/test/android/bionic conftest.c >&5
configure:7440: $? = 0
configure:7440: result: yes
configure:7440: checking for inttypes.h
configure:7440: /home/test/android-ndk-r9c//toolchains/arm-linux-androideabi-4.8/prebuilt/linux-x86_64/bin/arm-linux-androideabi-gcc -c  --sysroot=/home/test/android-ndk-r9c//platforms/android-9/arch-arm -I/home/test/android-ndk-r9c//platforms/android-9/arch-arm/usr/include -I/home/test/android-ndk-r9c//toolchains/arm-linux-androideabi-4.8/prebuilt/linux-x86_64/include -I/home/test/android/bionic  --sysroot=/home/test/android-ndk-r9c//platforms/android-9/arch-arm -I/home/test/android-ndk-r9c//platforms/android-9/arch-arm/usr/include -I/home/test/android-ndk-r9c//toolchains/arm-linux-androideabi-4.8/prebuilt/linux-x86_64/include -I/home/test/android/bionic conftest.c >&5
configure:7440: $? = 0
configure:7440: result: yes
configure:7440: checking for stdint.h
configure:7440: /home/test/android-ndk-r9c//toolchains/arm-linux-androideabi-4.8/prebuilt/linux-x86_64/bin/arm-linux-androideabi-gcc -c  --sysroot=/home/test/android-ndk-r9c//platforms/android-9/arch-arm -I/home/test/android-ndk-r9c//platforms/android-9/arch-arm/usr/include -I/home/test/android-ndk-r9c//toolchains/arm-linux-androideabi-4.8/prebuilt/linux-x86_64/include -I/home/test/android/bionic  --sysroot=/home/test/android-ndk-r9c//platforms/android-9/arch-arm -I/home/test/android-ndk-r9c//platforms/android-9/arch-arm/usr/include -I/home/test/android-ndk-r9c//toolchains/arm-linux-androideabi-4.8/prebuilt/linux-x86_64/include -I/home/test/android/bionic conftest.c >&5
configure:7440: $? = 0
configure:7440: result: yes
configure:7440: checking for unistd.h
configure:7440: /home/test/android-ndk-r9c//toolchains/arm-linux-androideabi-4.8/prebuilt/linux-x86_64/bin/arm-linux-androideabi-gcc -c  --sysroot=/home/test/android-ndk-r9c//platforms/android-9/arch-arm -I/home/test/android-ndk-r9c//platforms/android-9/arch-arm/usr/include -I/home/test/android-ndk-r9c//toolchains/arm-linux-androideabi-4.8/prebuilt/linux-x86_64/include -I/home/test/android/bionic  --sysroot=/home/test/android-ndk-r9c//platforms/android-9/arch-arm -I/home/test/android-ndk-r9c//platforms/android-9/arch-arm/usr/include -I/home/test/android-ndk-r9c//toolchains/arm-linux-androideabi-4.8/prebuilt/linux-x86_64/include -I/home/test/android/bionic conftest.c >&5
configure:7440: $? = 0
configure:7440: result: yes
configure:7454: checking for dlfcn.h
configure:7454: /home/test/android-ndk-r9c//toolchains/arm-linux-androideabi-4.8/prebuilt/linux-x86_64/bin/arm-linux-androideabi-gcc -c  --sysroot=/home/test/android-ndk-r9c//platforms/android-9/arch-arm -I/home/test/android-ndk-r9c//platforms/android-9/arch-arm/usr/include -I/home/test/android-ndk-r9c//toolchains/arm-linux-androideabi-4.8/prebuilt/linux-x86_64/include -I/home/test/android/bionic  --sysroot=/home/test/android-ndk-r9c//platforms/android-9/arch-arm -I/home/test/android-ndk-r9c//platforms/android-9/arch-arm/usr/include -I/home/test/android-ndk-r9c//toolchains/arm-linux-androideabi-4.8/prebuilt/linux-x86_64/include -I/home/test/android/bionic conftest.c >&5
configure:7454: $? = 0
configure:7454: result: yes
configure:7660: checking for objdir
configure:7675: result: .libs
configure:7942: checking if /home/test/android-ndk-r9c//toolchains/arm-linux-androideabi-4.8/prebuilt/linux-x86_64/bin/arm-linux-androideabi-gcc supports -fno-rtti -fno-exceptions
configure:7960: /home/test/android-ndk-r9c//toolchains/arm-linux-androideabi-4.8/prebuilt/linux-x86_64/bin/arm-linux-androideabi-gcc -c  --sysroot=/home/test/android-ndk-r9c//platforms/android-9/arch-arm -I/home/test/android-ndk-r9c//platforms/android-9/arch-arm/usr/include -I/home/test/android-ndk-r9c//toolchains/arm-linux-androideabi-4.8/prebuilt/linux-x86_64/include -I/home/test/android/bionic  --sysroot=/home/test/android-ndk-r9c//platforms/android-9/arch-arm -I/home/test/android-ndk-r9c//platforms/android-9/arch-arm/usr/include -I/home/test/android-ndk-r9c//toolchains/arm-linux-androideabi-4.8/prebuilt/linux-x86_64/include -I/home/test/android/bionic -fno-rtti -fno-exceptions conftest.c >&5
cc1: warning: command line option '-fno-rtti' is valid for C++/ObjC++ but not for C [enabled by default]
configure:7964: $? = 0
configure:7977: result: no
configure:8304: checking for /home/test/android-ndk-r9c//toolchains/arm-linux-androideabi-4.8/prebuilt/linux-x86_64/bin/arm-linux-androideabi-gcc option to produce PIC
configure:8311: result: -fPIC -DPIC
configure:8319: checking if /home/test/android-ndk-r9c//toolchains/arm-linux-androideabi-4.8/prebuilt/linux-x86_64/bin/arm-linux-androideabi-gcc PIC flag -fPIC -DPIC works
configure:8337: /home/test/android-ndk-r9c//toolchains/arm-linux-androideabi-4.8/prebuilt/linux-x86_64/bin/arm-linux-androideabi-gcc -c  --sysroot=/home/test/android-ndk-r9c//platforms/android-9/arch-arm -I/home/test/android-ndk-r9c//platforms/android-9/arch-arm/usr/include -I/home/test/android-ndk-r9c//toolchains/arm-linux-androideabi-4.8/prebuilt/linux-x86_64/include -I/home/test/android/bionic  --sysroot=/home/test/android-ndk-r9c//platforms/android-9/arch-arm -I/home/test/android-ndk-r9c//platforms/android-9/arch-arm/usr/include -I/home/test/android-ndk-r9c//toolchains/arm-linux-androideabi-4.8/prebuilt/linux-x86_64/include -I/home/test/android/bionic -fPIC -DPIC -DPIC conftest.c >&5
configure:8341: $? = 0
configure:8354: result: yes
configure:8383: checking if /home/test/android-ndk-r9c//toolchains/arm-linux-androideabi-4.8/prebuilt/linux-x86_64/bin/arm-linux-androideabi-gcc static flag -static works
configure:8411: result: yes
configure:8426: checking if /home/test/android-ndk-r9c//toolchains/arm-linux-androideabi-4.8/prebuilt/linux-x86_64/bin/arm-linux-androideabi-gcc supports -c -o file.o
configure:8447: /home/test/android-ndk-r9c//toolchains/arm-linux-androideabi-4.8/prebuilt/linux-x86_64/bin/arm-linux-androideabi-gcc -c  --sysroot=/home/test/android-ndk-r9c//platforms/android-9/arch-arm -I/home/test/android-ndk-r9c//platforms/android-9/arch-arm/usr/include -I/home/test/android-ndk-r9c//toolchains/arm-linux-androideabi-4.8/prebuilt/linux-x86_64/include -I/home/test/android/bionic  --sysroot=/home/test/android-ndk-r9c//platforms/android-9/arch-arm -I/home/test/android-ndk-r9c//platforms/android-9/arch-arm/usr/include -I/home/test/android-ndk-r9c//toolchains/arm-linux-androideabi-4.8/prebuilt/linux-x86_64/include -I/home/test/android/bionic -o out/conftest2.o conftest.c >&5
configure:8451: $? = 0
configure:8473: result: yes
configure:8481: checking if /home/test/android-ndk-r9c//toolchains/arm-linux-androideabi-4.8/prebuilt/linux-x86_64/bin/arm-linux-androideabi-gcc supports -c -o file.o
configure:8528: result: yes
configure:8561: checking whether the /home/test/android-ndk-r9c//toolchains/arm-linux-androideabi-4.8/prebuilt/linux-x86_64/bin/arm-linux-androideabi-gcc linker (/home/test/android-ndk-r9c//toolchains/arm-linux-androideabi-4.8/prebuilt/linux-x86_64/bin/arm-linux-androideabi-ld) supports shared libraries
configure:9718: result: yes
configure:9755: checking whether -lc should be explicitly linked in
configure:9763: /home/test/android-ndk-r9c//toolchains/arm-linux-androideabi-4.8/prebuilt/linux-x86_64/bin/arm-linux-androideabi-gcc -c  --sysroot=/home/test/android-ndk-r9c//platforms/android-9/arch-arm -I/home/test/android-ndk-r9c//platforms/android-9/arch-arm/usr/include -I/home/test/android-ndk-r9c//toolchains/arm-linux-androideabi-4.8/prebuilt/linux-x86_64/include -I/home/test/android/bionic  --sysroot=/home/test/android-ndk-r9c//platforms/android-9/arch-arm -I/home/test/android-ndk-r9c//platforms/android-9/arch-arm/usr/include -I/home/test/android-ndk-r9c//toolchains/arm-linux-androideabi-4.8/prebuilt/linux-x86_64/include -I/home/test/android/bionic conftest.c >&5
configure:9766: $? = 0
configure:9781: /home/test/android-ndk-r9c//toolchains/arm-linux-androideabi-4.8/prebuilt/linux-x86_64/bin/arm-linux-androideabi-gcc -shared  -fPIC -DPIC conftest.o  -v -Wl,-soname -Wl,conftest -o conftest 2\>\&1 \| /bin/grep  -lc  \>/dev/null 2\>\&1
configure:9784: $? = 0
configure:9798: result: no
configure:9958: checking dynamic linker characteristics
configure:10469: /home/test/android-ndk-r9c//toolchains/arm-linux-androideabi-4.8/prebuilt/linux-x86_64/bin/arm-linux-androideabi-gcc -o conftest  --sysroot=/home/test/android-ndk-r9c//platforms/android-9/arch-arm -I/home/test/android-ndk-r9c//platforms/android-9/arch-arm/usr/include -I/home/test/android-ndk-r9c//toolchains/arm-linux-androideabi-4.8/prebuilt/linux-x86_64/include -I/home/test/android/bionic  --sysroot=/home/test/android-ndk-r9c//platforms/android-9/arch-arm -I/home/test/android-ndk-r9c//platforms/android-9/arch-arm/usr/include -I/home/test/android-ndk-r9c//toolchains/arm-linux-androideabi-4.8/prebuilt/linux-x86_64/include -I/home/test/android/bionic  -L/home/test/android-ndk-r9c//platforms/android-9/arch-arm/usr/lib -L/home/test/android-ndk-r9c//toolchains/arm-linux-androideabi-4.8/prebuilt/linux-x86_64/lib -Wl,-rpath -Wl,/foo conftest.c  >&5
configure:10469: $? = 0
configure:10703: result: GNU/Linux ld.so
configure:10810: checking how to hardcode library paths into programs
configure:10835: result: immediate
configure:11375: checking whether stripping libraries is possible
configure:11380: result: yes
configure:11415: checking if libtool supports shared libraries
configure:11417: result: yes
configure:11420: checking whether to build shared libraries
configure:11441: result: yes
configure:11444: checking whether to build static libraries
configure:11448: result: yes
configure:11486: checking whether make sets $(MAKE)
configure:11508: result: yes
configure:11630: checking for C++ compiler version
configure:11639: /home/test/android-ndk-r9c//toolchains/arm-linux-androideabi-4.8/prebuilt/linux-x86_64/bin/arm-linux-androideabi-g++ --version >&5
arm-linux-androideabi-g++ (GCC) 4.8
Copyright (C) 2013 Free Software Foundation, Inc.
This is free software; see the source for copying conditions.  There is NO
warranty; not even for MERCHANTABILITY or FITNESS FOR A PARTICULAR PURPOSE.

configure:11650: $? = 0
configure:11639: /home/test/android-ndk-r9c//toolchains/arm-linux-androideabi-4.8/prebuilt/linux-x86_64/bin/arm-linux-androideabi-g++ -v >&5
Using built-in specs.
COLLECT_GCC=/home/test/android-ndk-r9c//toolchains/arm-linux-androideabi-4.8/prebuilt/linux-x86_64/bin/arm-linux-androideabi-g++
COLLECT_LTO_WRAPPER=/home/test/android-ndk-r9c/toolchains/arm-linux-androideabi-4.8/prebuilt/linux-x86_64/bin/../libexec/gcc/arm-linux-androideabi/4.8/lto-wrapper
Target: arm-linux-androideabi
Configured with: /s/ndk-toolchain/src/build/../gcc/gcc-4.8/configure --prefix=/tmp/ndk-andrewhsieh/build/toolchain/prefix --target=arm-linux-androideabi --host=x86_64-linux-gnu --build=x86_64-linux-gnu --with-gnu-as --with-gnu-ld --enable-languages=c,c++ --with-gmp=/tmp/ndk-andrewhsieh/build/toolchain/temp-install --with-mpfr=/tmp/ndk-andrewhsieh/build/toolchain/temp-install --with-mpc=/tmp/ndk-andrewhsieh/build/toolchain/temp-install --with-cloog=/tmp/ndk-andrewhsieh/build/toolchain/temp-install --with-isl=/tmp/ndk-andrewhsieh/build/toolchain/temp-install --with-ppl=/tmp/ndk-andrewhsieh/build/toolchain/temp-install --disable-ppl-version-check --disable-cloog-version-check --disable-isl-version-check --enable-cloog-backend=isl --with-host-libstdcxx='-static-libgcc -Wl,-Bstatic,-lstdc++,-Bdynamic -lm' --disable-libssp --enable-threads --disable-nls --disable-libmudflap --disable-libgomp --disable-libstdc__-v3 --disable-sjlj-exceptions --disable-shared --disable-tls --disable-libitm --with-float=soft --with-fpu=vfp --with-arch=armv5te --enable-target-optspace --enable-initfini-array --disable-nls --prefix=/tmp/ndk-andrewhsieh/build/toolchain/prefix --with-sysroot=/tmp/ndk-andrewhsieh/build/toolchain/prefix/sysroot --with-binutils-version=2.23 --with-mpfr-version=3.1.1 --with-mpc-version=1.0.1 --with-gmp-version=5.0.5 --with-gcc-version=4.8 --with-gdb-version=7.3.x --with-python=/usr/local/google/home/andrewhsieh/mydroid/ndk/prebuilt/linux-x86_64/bin/python-config.sh --with-gxx-include-dir=/tmp/ndk-andrewhsieh/build/toolchain/prefix/include/c++/4.8 --with-bugurl=http://source.android.com/source/report-bugs.html --disable-bootstrap --disable-libquadmath --enable-plugins --enable-libgomp --disable-libsanitizer --enable-gold --enable-graphite=yes --with-cloog-version=0.18.0 --with-isl-version=0.11.1 --enable-eh-frame-hdr-for-static --with-arch=armv5te --program-transform-name='s&^&arm-linux-androideabi-&' --enable-gold=default
Thread model: posix
gcc version 4.8 (GCC) 
configure:11650: $? = 0
configure:11639: /home/test/android-ndk-r9c//toolchains/arm-linux-androideabi-4.8/prebuilt/linux-x86_64/bin/arm-linux-androideabi-g++ -V >&5
arm-linux-androideabi-g++: error: unrecognized command line option '-V'
arm-linux-androideabi-g++: fatal error: no input files
compilation terminated.
configure:11650: $? = 1
configure:11639: /home/test/android-ndk-r9c//toolchains/arm-linux-androideabi-4.8/prebuilt/linux-x86_64/bin/arm-linux-androideabi-g++ -qversion >&5
arm-linux-androideabi-g++: error: unrecognized command line option '-qversion'
arm-linux-androideabi-g++: fatal error: no input files
compilation terminated.
configure:11650: $? = 1
configure:11654: checking whether we are using the GNU C++ compiler
configure:11673: /home/test/android-ndk-r9c//toolchains/arm-linux-androideabi-4.8/prebuilt/linux-x86_64/bin/arm-linux-androideabi-g++ -c   --sysroot=/home/test/android-ndk-r9c//platforms/android-9/arch-arm -I/home/test/android-ndk-r9c//platforms/android-9/arch-arm/usr/include -I/home/test/android-ndk-r9c//toolchains/arm-linux-androideabi-4.8/prebuilt/linux-x86_64/include -I/home/test/android/bionic conftest.cpp >&5
configure:11673: $? = 0
configure:11682: result: yes
configure:11691: checking whether /home/test/android-ndk-r9c//toolchains/arm-linux-androideabi-4.8/prebuilt/linux-x86_64/bin/arm-linux-androideabi-g++ accepts -g
configure:11711: /home/test/android-ndk-r9c//toolchains/arm-linux-androideabi-4.8/prebuilt/linux-x86_64/bin/arm-linux-androideabi-g++ -c -g  --sysroot=/home/test/android-ndk-r9c//platforms/android-9/arch-arm -I/home/test/android-ndk-r9c//platforms/android-9/arch-arm/usr/include -I/home/test/android-ndk-r9c//toolchains/arm-linux-androideabi-4.8/prebuilt/linux-x86_64/include -I/home/test/android/bionic conftest.cpp >&5
configure:11711: $? = 0
configure:11752: result: yes
configure:11777: checking dependency style of /home/test/android-ndk-r9c//toolchains/arm-linux-androideabi-4.8/prebuilt/linux-x86_64/bin/arm-linux-androideabi-g++
configure:11888: result: gcc3
configure:11921: checking how to run the C++ preprocessor
configure:11948: /home/test/android-ndk-r9c//toolchains/arm-linux-androideabi-4.8/prebuilt/linux-x86_64/bin/arm-linux-androideabi-g++ -E  --sysroot=/home/test/android-ndk-r9c//platforms/android-9/arch-arm -I/home/test/android-ndk-r9c//platforms/android-9/arch-arm/usr/include -I/home/test/android-ndk-r9c//toolchains/arm-linux-androideabi-4.8/prebuilt/linux-x86_64/include -I/home/test/android/bionic conftest.cpp
configure:11948: $? = 0
configure:11962: /home/test/android-ndk-r9c//toolchains/arm-linux-androideabi-4.8/prebuilt/linux-x86_64/bin/arm-linux-androideabi-g++ -E  --sysroot=/home/test/android-ndk-r9c//platforms/android-9/arch-arm -I/home/test/android-ndk-r9c//platforms/android-9/arch-arm/usr/include -I/home/test/android-ndk-r9c//toolchains/arm-linux-androideabi-4.8/prebuilt/linux-x86_64/include -I/home/test/android/bionic conftest.cpp
conftest.cpp:23:28: fatal error: ac_nonexistent.h: No such file or directory
 #include <ac_nonexistent.h>
                            ^
compilation terminated.
configure:11962: $? = 1
configure: failed program was:
| /* confdefs.h */
| #define PACKAGE_NAME "log4cpp"
| #define PACKAGE_TARNAME "log4cpp"
| #define PACKAGE_VERSION "1.1"
| #define PACKAGE_STRING "log4cpp 1.1"
| #define PACKAGE_BUGREPORT ""
| #define PACKAGE_URL ""
| #define PACKAGE "log4cpp"
| #define VERSION "1.1"
| #define STDC_HEADERS 1
| #define HAVE_SYS_TYPES_H 1
| #define HAVE_SYS_STAT_H 1
| #define HAVE_STDLIB_H 1
| #define HAVE_STRING_H 1
| #define HAVE_MEMORY_H 1
| #define HAVE_STRINGS_H 1
| #define HAVE_INTTYPES_H 1
| #define HAVE_STDINT_H 1
| #define HAVE_UNISTD_H 1
| #define HAVE_DLFCN_H 1
| #define LT_OBJDIR ".libs/"
| /* end confdefs.h.  */
| #include <ac_nonexistent.h>
configure:11987: result: /home/test/android-ndk-r9c//toolchains/arm-linux-androideabi-4.8/prebuilt/linux-x86_64/bin/arm-linux-androideabi-g++ -E
configure:12007: /home/test/android-ndk-r9c//toolchains/arm-linux-androideabi-4.8/prebuilt/linux-x86_64/bin/arm-linux-androideabi-g++ -E  --sysroot=/home/test/android-ndk-r9c//platforms/android-9/arch-arm -I/home/test/android-ndk-r9c//platforms/android-9/arch-arm/usr/include -I/home/test/android-ndk-r9c//toolchains/arm-linux-androideabi-4.8/prebuilt/linux-x86_64/include -I/home/test/android/bionic conftest.cpp
configure:12007: $? = 0
configure:12021: /home/test/android-ndk-r9c//toolchains/arm-linux-androideabi-4.8/prebuilt/linux-x86_64/bin/arm-linux-androideabi-g++ -E  --sysroot=/home/test/android-ndk-r9c//platforms/android-9/arch-arm -I/home/test/android-ndk-r9c//platforms/android-9/arch-arm/usr/include -I/home/test/android-ndk-r9c//toolchains/arm-linux-androideabi-4.8/prebuilt/linux-x86_64/include -I/home/test/android/bionic conftest.cpp
conftest.cpp:23:28: fatal error: ac_nonexistent.h: No such file or directory
 #include <ac_nonexistent.h>
                            ^
compilation terminated.
configure:12021: $? = 1
configure: failed program was:
| /* confdefs.h */
| #define PACKAGE_NAME "log4cpp"
| #define PACKAGE_TARNAME "log4cpp"
| #define PACKAGE_VERSION "1.1"
| #define PACKAGE_STRING "log4cpp 1.1"
| #define PACKAGE_BUGREPORT ""
| #define PACKAGE_URL ""
| #define PACKAGE "log4cpp"
| #define VERSION "1.1"
| #define STDC_HEADERS 1
| #define HAVE_SYS_TYPES_H 1
| #define HAVE_SYS_STAT_H 1
| #define HAVE_STDLIB_H 1
| #define HAVE_STRING_H 1
| #define HAVE_MEMORY_H 1
| #define HAVE_STRINGS_H 1
| #define HAVE_INTTYPES_H 1
| #define HAVE_STDINT_H 1
| #define HAVE_UNISTD_H 1
| #define HAVE_DLFCN_H 1
| #define LT_OBJDIR ".libs/"
| /* end confdefs.h.  */
| #include <ac_nonexistent.h>
configure:12190: checking for ld used by /home/test/android-ndk-r9c//toolchains/arm-linux-androideabi-4.8/prebuilt/linux-x86_64/bin/arm-linux-androideabi-g++
configure:12257: result: /home/test/android-ndk-r9c//toolchains/arm-linux-androideabi-4.8/prebuilt/linux-x86_64/bin/arm-linux-androideabi-ld
configure:12264: checking if the linker (/home/test/android-ndk-r9c//toolchains/arm-linux-androideabi-4.8/prebuilt/linux-x86_64/bin/arm-linux-androideabi-ld) is GNU ld
configure:12279: result: yes
configure:12334: checking whether the /home/test/android-ndk-r9c//toolchains/arm-linux-androideabi-4.8/prebuilt/linux-x86_64/bin/arm-linux-androideabi-g++ linker (/home/test/android-ndk-r9c//toolchains/arm-linux-androideabi-4.8/prebuilt/linux-x86_64/bin/arm-linux-androideabi-ld) supports shared libraries
configure:13339: result: yes
configure:13375: /home/test/android-ndk-r9c//toolchains/arm-linux-androideabi-4.8/prebuilt/linux-x86_64/bin/arm-linux-androideabi-g++ -c -g -O2  --sysroot=/home/test/android-ndk-r9c//platforms/android-9/arch-arm -I/home/test/android-ndk-r9c//platforms/android-9/arch-arm/usr/include -I/home/test/android-ndk-r9c//toolchains/arm-linux-androideabi-4.8/prebuilt/linux-x86_64/include -I/home/test/android/bionic conftest.cpp >&5
configure:13378: $? = 0
configure:13898: checking for /home/test/android-ndk-r9c//toolchains/arm-linux-androideabi-4.8/prebuilt/linux-x86_64/bin/arm-linux-androideabi-g++ option to produce PIC
configure:13905: result: -fPIC -DPIC
configure:13913: checking if /home/test/android-ndk-r9c//toolchains/arm-linux-androideabi-4.8/prebuilt/linux-x86_64/bin/arm-linux-androideabi-g++ PIC flag -fPIC -DPIC works
configure:13931: /home/test/android-ndk-r9c//toolchains/arm-linux-androideabi-4.8/prebuilt/linux-x86_64/bin/arm-linux-androideabi-g++ -c -g -O2  --sysroot=/home/test/android-ndk-r9c//platforms/android-9/arch-arm -I/home/test/android-ndk-r9c//platforms/android-9/arch-arm/usr/include -I/home/test/android-ndk-r9c//toolchains/arm-linux-androideabi-4.8/prebuilt/linux-x86_64/include -I/home/test/android/bionic -fPIC -DPIC -DPIC conftest.cpp >&5
configure:13935: $? = 0
configure:13948: result: yes
configure:13971: checking if /home/test/android-ndk-r9c//toolchains/arm-linux-androideabi-4.8/prebuilt/linux-x86_64/bin/arm-linux-androideabi-g++ static flag -static works
configure:13999: result: yes
configure:14011: checking if /home/test/android-ndk-r9c//toolchains/arm-linux-androideabi-4.8/prebuilt/linux-x86_64/bin/arm-linux-androideabi-g++ supports -c -o file.o
configure:14032: /home/test/android-ndk-r9c//toolchains/arm-linux-androideabi-4.8/prebuilt/linux-x86_64/bin/arm-linux-androideabi-g++ -c -g -O2  --sysroot=/home/test/android-ndk-r9c//platforms/android-9/arch-arm -I/home/test/android-ndk-r9c//platforms/android-9/arch-arm/usr/include -I/home/test/android-ndk-r9c//toolchains/arm-linux-androideabi-4.8/prebuilt/linux-x86_64/include -I/home/test/android/bionic -o out/conftest2.o conftest.cpp >&5
configure:14036: $? = 0
configure:14058: result: yes
configure:14063: checking if /home/test/android-ndk-r9c//toolchains/arm-linux-androideabi-4.8/prebuilt/linux-x86_64/bin/arm-linux-androideabi-g++ supports -c -o file.o
configure:14110: result: yes
configure:14140: checking whether the /home/test/android-ndk-r9c//toolchains/arm-linux-androideabi-4.8/prebuilt/linux-x86_64/bin/arm-linux-androideabi-g++ linker (/home/test/android-ndk-r9c//toolchains/arm-linux-androideabi-4.8/prebuilt/linux-x86_64/bin/arm-linux-androideabi-ld) supports shared libraries
configure:14179: result: yes
configure:14320: checking dynamic linker characteristics
configure:14999: result: GNU/Linux ld.so
configure:15052: checking how to hardcode library paths into programs
configure:15077: result: immediate
configure:15128: checking how to run the C++ preprocessor
configure:15194: result: /home/test/android-ndk-r9c//toolchains/arm-linux-androideabi-4.8/prebuilt/linux-x86_64/bin/arm-linux-androideabi-g++ -E
configure:15214: /home/test/android-ndk-r9c//toolchains/arm-linux-androideabi-4.8/prebuilt/linux-x86_64/bin/arm-linux-androideabi-g++ -E  --sysroot=/home/test/android-ndk-r9c//platforms/android-9/arch-arm -I/home/test/android-ndk-r9c//platforms/android-9/arch-arm/usr/include -I/home/test/android-ndk-r9c//toolchains/arm-linux-androideabi-4.8/prebuilt/linux-x86_64/include -I/home/test/android/bionic conftest.cpp
configure:15214: $? = 0
configure:15228: /home/test/android-ndk-r9c//toolchains/arm-linux-androideabi-4.8/prebuilt/linux-x86_64/bin/arm-linux-androideabi-g++ -E  --sysroot=/home/test/android-ndk-r9c//platforms/android-9/arch-arm -I/home/test/android-ndk-r9c//platforms/android-9/arch-arm/usr/include -I/home/test/android-ndk-r9c//toolchains/arm-linux-androideabi-4.8/prebuilt/linux-x86_64/include -I/home/test/android/bionic conftest.cpp
conftest.cpp:23:28: fatal error: ac_nonexistent.h: No such file or directory
 #include <ac_nonexistent.h>
                            ^
compilation terminated.
configure:15228: $? = 1
configure: failed program was:
| /* confdefs.h */
| #define PACKAGE_NAME "log4cpp"
| #define PACKAGE_TARNAME "log4cpp"
| #define PACKAGE_VERSION "1.1"
| #define PACKAGE_STRING "log4cpp 1.1"
| #define PACKAGE_BUGREPORT ""
| #define PACKAGE_URL ""
| #define PACKAGE "log4cpp"
| #define VERSION "1.1"
| #define STDC_HEADERS 1
| #define HAVE_SYS_TYPES_H 1
| #define HAVE_SYS_STAT_H 1
| #define HAVE_STDLIB_H 1
| #define HAVE_STRING_H 1
| #define HAVE_MEMORY_H 1
| #define HAVE_STRINGS_H 1
| #define HAVE_INTTYPES_H 1
| #define HAVE_STDINT_H 1
| #define HAVE_UNISTD_H 1
| #define HAVE_DLFCN_H 1
| #define LT_OBJDIR ".libs/"
| /* end confdefs.h.  */
| #include <ac_nonexistent.h>
configure:15267: checking for unistd.h
configure:15267: result: yes
configure:15279: checking io.h usability
configure:15279: /home/test/android-ndk-r9c//toolchains/arm-linux-androideabi-4.8/prebuilt/linux-x86_64/bin/arm-linux-androideabi-gcc -c  --sysroot=/home/test/android-ndk-r9c//platforms/android-9/arch-arm -I/home/test/android-ndk-r9c//platforms/android-9/arch-arm/usr/include -I/home/test/android-ndk-r9c//toolchains/arm-linux-androideabi-4.8/prebuilt/linux-x86_64/include -I/home/test/android/bionic  --sysroot=/home/test/android-ndk-r9c//platforms/android-9/arch-arm -I/home/test/android-ndk-r9c//platforms/android-9/arch-arm/usr/include -I/home/test/android-ndk-r9c//toolchains/arm-linux-androideabi-4.8/prebuilt/linux-x86_64/include -I/home/test/android/bionic conftest.c >&5
conftest.c:57:16: fatal error: io.h: No such file or directory
 #include <io.h>
                ^
compilation terminated.
configure:15279: $? = 1
configure: failed program was:
| /* confdefs.h */
| #define PACKAGE_NAME "log4cpp"
| #define PACKAGE_TARNAME "log4cpp"
| #define PACKAGE_VERSION "1.1"
| #define PACKAGE_STRING "log4cpp 1.1"
| #define PACKAGE_BUGREPORT ""
| #define PACKAGE_URL ""
| #define PACKAGE "log4cpp"
| #define VERSION "1.1"
| #define STDC_HEADERS 1
| #define HAVE_SYS_TYPES_H 1
| #define HAVE_SYS_STAT_H 1
| #define HAVE_STDLIB_H 1
| #define HAVE_STRING_H 1
| #define HAVE_MEMORY_H 1
| #define HAVE_STRINGS_H 1
| #define HAVE_INTTYPES_H 1
| #define HAVE_STDINT_H 1
| #define HAVE_UNISTD_H 1
| #define HAVE_DLFCN_H 1
| #define LT_OBJDIR ".libs/"
| #define HAVE_UNISTD_H 1
| /* end confdefs.h.  */
| #include <stdio.h>
| #ifdef HAVE_SYS_TYPES_H
| # include <sys/types.h>
| #endif
| #ifdef HAVE_SYS_STAT_H
| # include <sys/stat.h>
| #endif
| #ifdef STDC_HEADERS
| # include <stdlib.h>
| # include <stddef.h>
| #else
| # ifdef HAVE_STDLIB_H
| #  include <stdlib.h>
| # endif
| #endif
| #ifdef HAVE_STRING_H
| # if !defined STDC_HEADERS && defined HAVE_MEMORY_H
| #  include <memory.h>
| # endif
| # include <string.h>
| #endif
| #ifdef HAVE_STRINGS_H
| # include <strings.h>
| #endif
| #ifdef HAVE_INTTYPES_H
| # include <inttypes.h>
| #endif
| #ifdef HAVE_STDINT_H
| # include <stdint.h>
| #endif
| #ifdef HAVE_UNISTD_H
| # include <unistd.h>
| #endif
| #include <io.h>
configure:15279: result: no
configure:15279: checking io.h presence
configure:15279: /home/test/android-ndk-r9c//toolchains/arm-linux-androideabi-4.8/prebuilt/linux-x86_64/bin/arm-linux-androideabi-cpp  --sysroot=/home/test/android-ndk-r9c//platforms/android-9/arch-arm -I/home/test/android-ndk-r9c//platforms/android-9/arch-arm/usr/include -I/home/test/android-ndk-r9c//toolchains/arm-linux-androideabi-4.8/prebuilt/linux-x86_64/include -I/home/test/android/bionic conftest.c
conftest.c:24:16: fatal error: io.h: No such file or directory
 #include <io.h>
                ^
compilation terminated.
configure:15279: $? = 1
configure: failed program was:
| /* confdefs.h */
| #define PACKAGE_NAME "log4cpp"
| #define PACKAGE_TARNAME "log4cpp"
| #define PACKAGE_VERSION "1.1"
| #define PACKAGE_STRING "log4cpp 1.1"
| #define PACKAGE_BUGREPORT ""
| #define PACKAGE_URL ""
| #define PACKAGE "log4cpp"
| #define VERSION "1.1"
| #define STDC_HEADERS 1
| #define HAVE_SYS_TYPES_H 1
| #define HAVE_SYS_STAT_H 1
| #define HAVE_STDLIB_H 1
| #define HAVE_STRING_H 1
| #define HAVE_MEMORY_H 1
| #define HAVE_STRINGS_H 1
| #define HAVE_INTTYPES_H 1
| #define HAVE_STDINT_H 1
| #define HAVE_UNISTD_H 1
| #define HAVE_DLFCN_H 1
| #define LT_OBJDIR ".libs/"
| #define HAVE_UNISTD_H 1
| /* end confdefs.h.  */
| #include <io.h>
configure:15279: result: no
configure:15279: checking for io.h
configure:15279: result: no
configure:15292: checking for int64_t
configure:15308: /home/test/android-ndk-r9c//toolchains/arm-linux-androideabi-4.8/prebuilt/linux-x86_64/bin/arm-linux-androideabi-gcc -c  --sysroot=/home/test/android-ndk-r9c//platforms/android-9/arch-arm -I/home/test/android-ndk-r9c//platforms/android-9/arch-arm/usr/include -I/home/test/android-ndk-r9c//toolchains/arm-linux-androideabi-4.8/prebuilt/linux-x86_64/include -I/home/test/android/bionic  --sysroot=/home/test/android-ndk-r9c//platforms/android-9/arch-arm -I/home/test/android-ndk-r9c//platforms/android-9/arch-arm/usr/include -I/home/test/android-ndk-r9c//toolchains/arm-linux-androideabi-4.8/prebuilt/linux-x86_64/include -I/home/test/android/bionic conftest.c >&5
configure:15308: $? = 0
configure:15316: result: yes
configure:15327: checking for working snprintf
configure:15351: result: no
configure:15363: checking for syslog
configure:15363: /home/test/android-ndk-r9c//toolchains/arm-linux-androideabi-4.8/prebuilt/linux-x86_64/bin/arm-linux-androideabi-gcc -o conftest  --sysroot=/home/test/android-ndk-r9c//platforms/android-9/arch-arm -I/home/test/android-ndk-r9c//platforms/android-9/arch-arm/usr/include -I/home/test/android-ndk-r9c//toolchains/arm-linux-androideabi-4.8/prebuilt/linux-x86_64/include -I/home/test/android/bionic  --sysroot=/home/test/android-ndk-r9c//platforms/android-9/arch-arm -I/home/test/android-ndk-r9c//platforms/android-9/arch-arm/usr/include -I/home/test/android-ndk-r9c//toolchains/arm-linux-androideabi-4.8/prebuilt/linux-x86_64/include -I/home/test/android/bionic  -L/home/test/android-ndk-r9c//platforms/android-9/arch-arm/usr/lib -L/home/test/android-ndk-r9c//toolchains/arm-linux-androideabi-4.8/prebuilt/linux-x86_64/lib conftest.c  >&5
conftest.c:24:0: warning: "HAVE_STDINT_H" redefined [enabled by default]
 #define HAVE_STDINT_H /**/
 ^
conftest.c:18:0: note: this is the location of the previous definition
 #define HAVE_STDINT_H 1
 ^
configure:15363: $? = 0
configure:15363: result: yes
configure:15374: checking for gettimeofday
configure:15374: /home/test/android-ndk-r9c//toolchains/arm-linux-androideabi-4.8/prebuilt/linux-x86_64/bin/arm-linux-androideabi-gcc -o conftest  --sysroot=/home/test/android-ndk-r9c//platforms/android-9/arch-arm -I/home/test/android-ndk-r9c//platforms/android-9/arch-arm/usr/include -I/home/test/android-ndk-r9c//toolchains/arm-linux-androideabi-4.8/prebuilt/linux-x86_64/include -I/home/test/android/bionic  --sysroot=/home/test/android-ndk-r9c//platforms/android-9/arch-arm -I/home/test/android-ndk-r9c//platforms/android-9/arch-arm/usr/include -I/home/test/android-ndk-r9c//toolchains/arm-linux-androideabi-4.8/prebuilt/linux-x86_64/include -I/home/test/android/bionic  -L/home/test/android-ndk-r9c//platforms/android-9/arch-arm/usr/lib -L/home/test/android-ndk-r9c//toolchains/arm-linux-androideabi-4.8/prebuilt/linux-x86_64/lib conftest.c  >&5
conftest.c:24:0: warning: "HAVE_STDINT_H" redefined [enabled by default]
 #define HAVE_STDINT_H /**/
 ^
conftest.c:18:0: note: this is the location of the previous definition
 #define HAVE_STDINT_H 1
 ^
configure:15374: $? = 0
configure:15374: result: yes
configure:15385: checking for ftime
configure:15385: /home/test/android-ndk-r9c//toolchains/arm-linux-androideabi-4.8/prebuilt/linux-x86_64/bin/arm-linux-androideabi-gcc -o conftest  --sysroot=/home/test/android-ndk-r9c//platforms/android-9/arch-arm -I/home/test/android-ndk-r9c//platforms/android-9/arch-arm/usr/include -I/home/test/android-ndk-r9c//toolchains/arm-linux-androideabi-4.8/prebuilt/linux-x86_64/include -I/home/test/android/bionic  --sysroot=/home/test/android-ndk-r9c//platforms/android-9/arch-arm -I/home/test/android-ndk-r9c//platforms/android-9/arch-arm/usr/include -I/home/test/android-ndk-r9c//toolchains/arm-linux-androideabi-4.8/prebuilt/linux-x86_64/include -I/home/test/android/bionic  -L/home/test/android-ndk-r9c//platforms/android-9/arch-arm/usr/lib -L/home/test/android-ndk-r9c//toolchains/arm-linux-androideabi-4.8/prebuilt/linux-x86_64/lib conftest.c  >&5
conftest.c:24:0: warning: "HAVE_STDINT_H" redefined [enabled by default]
 #define HAVE_STDINT_H /**/
 ^
conftest.c:18:0: note: this is the location of the previous definition
 #define HAVE_STDINT_H 1
 ^
configure:15385: $? = 0
configure:15385: result: yes
configure:15396: checking for localtime_r
configure:15396: /home/test/android-ndk-r9c//toolchains/arm-linux-androideabi-4.8/prebuilt/linux-x86_64/bin/arm-linux-androideabi-gcc -o conftest  --sysroot=/home/test/android-ndk-r9c//platforms/android-9/arch-arm -I/home/test/android-ndk-r9c//platforms/android-9/arch-arm/usr/include -I/home/test/android-ndk-r9c//toolchains/arm-linux-androideabi-4.8/prebuilt/linux-x86_64/include -I/home/test/android/bionic  --sysroot=/home/test/android-ndk-r9c//platforms/android-9/arch-arm -I/home/test/android-ndk-r9c//platforms/android-9/arch-arm/usr/include -I/home/test/android-ndk-r9c//toolchains/arm-linux-androideabi-4.8/prebuilt/linux-x86_64/include -I/home/test/android/bionic  -L/home/test/android-ndk-r9c//platforms/android-9/arch-arm/usr/lib -L/home/test/android-ndk-r9c//toolchains/arm-linux-androideabi-4.8/prebuilt/linux-x86_64/lib conftest.c  >&5
conftest.c:24:0: warning: "HAVE_STDINT_H" redefined [enabled by default]
 #define HAVE_STDINT_H /**/
 ^
conftest.c:18:0: note: this is the location of the previous definition
 #define HAVE_STDINT_H 1
 ^
configure:15396: $? = 0
configure:15396: result: yes
configure:15410: checking for socket in -lsocket
configure:15435: /home/test/android-ndk-r9c//toolchains/arm-linux-androideabi-4.8/prebuilt/linux-x86_64/bin/arm-linux-androideabi-gcc -o conftest  --sysroot=/home/test/android-ndk-r9c//platforms/android-9/arch-arm -I/home/test/android-ndk-r9c//platforms/android-9/arch-arm/usr/include -I/home/test/android-ndk-r9c//toolchains/arm-linux-androideabi-4.8/prebuilt/linux-x86_64/include -I/home/test/android/bionic  --sysroot=/home/test/android-ndk-r9c//platforms/android-9/arch-arm -I/home/test/android-ndk-r9c//platforms/android-9/arch-arm/usr/include -I/home/test/android-ndk-r9c//toolchains/arm-linux-androideabi-4.8/prebuilt/linux-x86_64/include -I/home/test/android/bionic  -L/home/test/android-ndk-r9c//platforms/android-9/arch-arm/usr/lib -L/home/test/android-ndk-r9c//toolchains/arm-linux-androideabi-4.8/prebuilt/linux-x86_64/lib conftest.c -lsocket   >&5
conftest.c:24:0: warning: "HAVE_STDINT_H" redefined [enabled by default]
 #define HAVE_STDINT_H /**/
 ^
conftest.c:18:0: note: this is the location of the previous definition
 #define HAVE_STDINT_H 1
 ^
/home/test/android-ndk-r9c/toolchains/arm-linux-androideabi-4.8/prebuilt/linux-x86_64/bin/../lib/gcc/arm-linux-androideabi/4.8/../../../../arm-linux-androideabi/bin/ld: error: cannot find -lsocket
collect2: error: ld returned 1 exit status
configure:15435: $? = 1
configure: failed program was:
| /* confdefs.h */
| #define PACKAGE_NAME "log4cpp"
| #define PACKAGE_TARNAME "log4cpp"
| #define PACKAGE_VERSION "1.1"
| #define PACKAGE_STRING "log4cpp 1.1"
| #define PACKAGE_BUGREPORT ""
| #define PACKAGE_URL ""
| #define PACKAGE "log4cpp"
| #define VERSION "1.1"
| #define STDC_HEADERS 1
| #define HAVE_SYS_TYPES_H 1
| #define HAVE_SYS_STAT_H 1
| #define HAVE_STDLIB_H 1
| #define HAVE_STRING_H 1
| #define HAVE_MEMORY_H 1
| #define HAVE_STRINGS_H 1
| #define HAVE_INTTYPES_H 1
| #define HAVE_STDINT_H 1
| #define HAVE_UNISTD_H 1
| #define HAVE_DLFCN_H 1
| #define LT_OBJDIR ".libs/"
| #define HAVE_UNISTD_H 1
| #define HAVE_INT64_T /**/
| #define HAVE_STDINT_H /**/
| #define HAVE_SYSLOG 1
| #define HAVE_GETTIMEOFDAY 1
| #define HAVE_FTIME 1
| #define HAVE_LOCALTIME_R 1
| /* end confdefs.h.  */
| 
| /* Override any GCC internal prototype to avoid an error.
|    Use char because int might match the return type of a GCC
|    builtin and then its argument prototype would still apply.  */
| #ifdef __cplusplus
| extern "C"
| #endif
| char socket ();
| int
| main ()
| {
| return socket ();
|   ;
|   return 0;
| }
configure:15444: result: no
configure:15450: checking for gethostbyname in -lnsl
configure:15475: /home/test/android-ndk-r9c//toolchains/arm-linux-androideabi-4.8/prebuilt/linux-x86_64/bin/arm-linux-androideabi-gcc -o conftest  --sysroot=/home/test/android-ndk-r9c//platforms/android-9/arch-arm -I/home/test/android-ndk-r9c//platforms/android-9/arch-arm/usr/include -I/home/test/android-ndk-r9c//toolchains/arm-linux-androideabi-4.8/prebuilt/linux-x86_64/include -I/home/test/android/bionic  --sysroot=/home/test/android-ndk-r9c//platforms/android-9/arch-arm -I/home/test/android-ndk-r9c//platforms/android-9/arch-arm/usr/include -I/home/test/android-ndk-r9c//toolchains/arm-linux-androideabi-4.8/prebuilt/linux-x86_64/include -I/home/test/android/bionic  -L/home/test/android-ndk-r9c//platforms/android-9/arch-arm/usr/lib -L/home/test/android-ndk-r9c//toolchains/arm-linux-androideabi-4.8/prebuilt/linux-x86_64/lib conftest.c -lnsl   >&5
conftest.c:24:0: warning: "HAVE_STDINT_H" redefined [enabled by default]
 #define HAVE_STDINT_H /**/
 ^
conftest.c:18:0: note: this is the location of the previous definition
 #define HAVE_STDINT_H 1
 ^
/home/test/android-ndk-r9c/toolchains/arm-linux-androideabi-4.8/prebuilt/linux-x86_64/bin/../lib/gcc/arm-linux-androideabi/4.8/../../../../arm-linux-androideabi/bin/ld: error: cannot find -lnsl
collect2: error: ld returned 1 exit status
configure:15475: $? = 1
configure: failed program was:
| /* confdefs.h */
| #define PACKAGE_NAME "log4cpp"
| #define PACKAGE_TARNAME "log4cpp"
| #define PACKAGE_VERSION "1.1"
| #define PACKAGE_STRING "log4cpp 1.1"
| #define PACKAGE_BUGREPORT ""
| #define PACKAGE_URL ""
| #define PACKAGE "log4cpp"
| #define VERSION "1.1"
| #define STDC_HEADERS 1
| #define HAVE_SYS_TYPES_H 1
| #define HAVE_SYS_STAT_H 1
| #define HAVE_STDLIB_H 1
| #define HAVE_STRING_H 1
| #define HAVE_MEMORY_H 1
| #define HAVE_STRINGS_H 1
| #define HAVE_INTTYPES_H 1
| #define HAVE_STDINT_H 1
| #define HAVE_UNISTD_H 1
| #define HAVE_DLFCN_H 1
| #define LT_OBJDIR ".libs/"
| #define HAVE_UNISTD_H 1
| #define HAVE_INT64_T /**/
| #define HAVE_STDINT_H /**/
| #define HAVE_SYSLOG 1
| #define HAVE_GETTIMEOFDAY 1
| #define HAVE_FTIME 1
| #define HAVE_LOCALTIME_R 1
| /* end confdefs.h.  */
| 
| /* Override any GCC internal prototype to avoid an error.
|    Use char because int might match the return type of a GCC
|    builtin and then its argument prototype would still apply.  */
| #ifdef __cplusplus
| extern "C"
| #endif
| char gethostbyname ();
| int
| main ()
| {
| return gethostbyname ();
|   ;
|   return 0;
| }
configure:15484: result: no
configure:15657: checking for the pthreads library -lpthreads
configure:15690: /home/test/android-ndk-r9c//toolchains/arm-linux-androideabi-4.8/prebuilt/linux-x86_64/bin/arm-linux-androideabi-gcc -o conftest  --sysroot=/home/test/android-ndk-r9c//platforms/android-9/arch-arm -I/home/test/android-ndk-r9c//platforms/android-9/arch-arm/usr/include -I/home/test/android-ndk-r9c//toolchains/arm-linux-androideabi-4.8/prebuilt/linux-x86_64/include -I/home/test/android/bionic   --sysroot=/home/test/android-ndk-r9c//platforms/android-9/arch-arm -I/home/test/android-ndk-r9c//platforms/android-9/arch-arm/usr/include -I/home/test/android-ndk-r9c//toolchains/arm-linux-androideabi-4.8/prebuilt/linux-x86_64/include -I/home/test/android/bionic  -L/home/test/android-ndk-r9c//platforms/android-9/arch-arm/usr/lib -L/home/test/android-ndk-r9c//toolchains/arm-linux-androideabi-4.8/prebuilt/linux-x86_64/lib conftest.c -lpthreads  >&5
conftest.c:24:0: warning: "HAVE_STDINT_H" redefined [enabled by default]
 #define HAVE_STDINT_H /**/
 ^
conftest.c:18:0: note: this is the location of the previous definition
 #define HAVE_STDINT_H 1
 ^
/home/test/android-ndk-r9c/toolchains/arm-linux-androideabi-4.8/prebuilt/linux-x86_64/bin/../lib/gcc/arm-linux-androideabi/4.8/../../../../arm-linux-androideabi/bin/ld: error: cannot find -lpthreads
collect2: error: ld returned 1 exit status
configure:15690: $? = 1
configure: failed program was:
| /* confdefs.h */
| #define PACKAGE_NAME "log4cpp"
| #define PACKAGE_TARNAME "log4cpp"
| #define PACKAGE_VERSION "1.1"
| #define PACKAGE_STRING "log4cpp 1.1"
| #define PACKAGE_BUGREPORT ""
| #define PACKAGE_URL ""
| #define PACKAGE "log4cpp"
| #define VERSION "1.1"
| #define STDC_HEADERS 1
| #define HAVE_SYS_TYPES_H 1
| #define HAVE_SYS_STAT_H 1
| #define HAVE_STDLIB_H 1
| #define HAVE_STRING_H 1
| #define HAVE_MEMORY_H 1
| #define HAVE_STRINGS_H 1
| #define HAVE_INTTYPES_H 1
| #define HAVE_STDINT_H 1
| #define HAVE_UNISTD_H 1
| #define HAVE_DLFCN_H 1
| #define LT_OBJDIR ".libs/"
| #define HAVE_UNISTD_H 1
| #define HAVE_INT64_T /**/
| #define HAVE_STDINT_H /**/
| #define HAVE_SYSLOG 1
| #define HAVE_GETTIMEOFDAY 1
| #define HAVE_FTIME 1
| #define HAVE_LOCALTIME_R 1
| /* end confdefs.h.  */
| #include <pthread.h>
| int
| main ()
| {
| pthread_t th; pthread_join(th, 0);
|                      pthread_attr_init(0); pthread_cleanup_push(0, 0);
|                      pthread_create(0,0,0,0); pthread_cleanup_pop(0);
|   ;
|   return 0;
| }
configure:15699: result: no
configure:15602: checking whether pthreads work without any flags
configure:15690: /home/test/android-ndk-r9c//toolchains/arm-linux-androideabi-4.8/prebuilt/linux-x86_64/bin/arm-linux-androideabi-gcc -o conftest  --sysroot=/home/test/android-ndk-r9c//platforms/android-9/arch-arm -I/home/test/android-ndk-r9c//platforms/android-9/arch-arm/usr/include -I/home/test/android-ndk-r9c//toolchains/arm-linux-androideabi-4.8/prebuilt/linux-x86_64/include -I/home/test/android/bionic   --sysroot=/home/test/android-ndk-r9c//platforms/android-9/arch-arm -I/home/test/android-ndk-r9c//platforms/android-9/arch-arm/usr/include -I/home/test/android-ndk-r9c//toolchains/arm-linux-androideabi-4.8/prebuilt/linux-x86_64/include -I/home/test/android/bionic  -L/home/test/android-ndk-r9c//platforms/android-9/arch-arm/usr/lib -L/home/test/android-ndk-r9c//toolchains/arm-linux-androideabi-4.8/prebuilt/linux-x86_64/lib conftest.c   >&5
conftest.c:24:0: warning: "HAVE_STDINT_H" redefined [enabled by default]
 #define HAVE_STDINT_H /**/
 ^
conftest.c:18:0: note: this is the location of the previous definition
 #define HAVE_STDINT_H 1
 ^
configure:15690: $? = 0
configure:15699: result: yes
configure:15718: checking for joinable pthread attribute
configure:15733: /home/test/android-ndk-r9c//toolchains/arm-linux-androideabi-4.8/prebuilt/linux-x86_64/bin/arm-linux-androideabi-gcc -o conftest  --sysroot=/home/test/android-ndk-r9c//platforms/android-9/arch-arm -I/home/test/android-ndk-r9c//platforms/android-9/arch-arm/usr/include -I/home/test/android-ndk-r9c//toolchains/arm-linux-androideabi-4.8/prebuilt/linux-x86_64/include -I/home/test/android/bionic   --sysroot=/home/test/android-ndk-r9c//platforms/android-9/arch-arm -I/home/test/android-ndk-r9c//platforms/android-9/arch-arm/usr/include -I/home/test/android-ndk-r9c//toolchains/arm-linux-androideabi-4.8/prebuilt/linux-x86_64/include -I/home/test/android/bionic  -L/home/test/android-ndk-r9c//platforms/android-9/arch-arm/usr/lib -L/home/test/android-ndk-r9c//toolchains/arm-linux-androideabi-4.8/prebuilt/linux-x86_64/lib conftest.c   >&5
conftest.c:24:0: warning: "HAVE_STDINT_H" redefined [enabled by default]
 #define HAVE_STDINT_H /**/
 ^
conftest.c:18:0: note: this is the location of the previous definition
 #define HAVE_STDINT_H 1
 ^
configure:15733: $? = 0
configure:15739: result: PTHREAD_CREATE_JOINABLE
configure:15749: checking if more special flags are required for pthreads
configure:15763: result: no
configure:16052: checking for doxygen
configure:16085: result: no
configure:16208: creating log4cpp-config.in
configure:16381: creating log4cpp.pc.in
configure:16570: creating ./config.status

## ---------------------- ##
## Running config.status. ##
## ---------------------- ##

This file was extended by log4cpp config.status 1.1, which was
generated by GNU Autoconf 2.69.  Invocation command line was

  CONFIG_FILES    = 
  CONFIG_HEADERS  = 
  CONFIG_LINKS    = 
  CONFIG_COMMANDS = 
  $ ./config.status 

on ubuntu

config.status:1203: creating Makefile
config.status:1203: creating log4cpp.spec
config.status:1203: creating log4cpp.pc
config.status:1203: creating log4cpp-config
config.status:1311: WARNING:  'log4cpp-config.in' seems to ignore the --datarootdir setting
config.status:1203: creating config/Makefile
config.status:1203: creating doc/Makefile
config.status:1203: creating doc/Doxyfile
config.status:1203: creating doc/html/Makefile
config.status:1203: creating src/Makefile
config.status:1203: creating include/Makefile
config.status:1203: creating include/log4cpp/Makefile
config.status:1203: creating include/log4cpp/threading/Makefile
config.status:1203: creating tests/Makefile
config.status:1203: creating msvc6/Makefile
config.status:1203: creating msvc6/log4cpp/Makefile
config.status:1203: creating msvc6/log4cppDLL/Makefile
config.status:1203: creating msvc6/testCategory/Makefile
config.status:1203: creating msvc6/testDLL/Makefile
config.status:1203: creating msvc6/testMain/Makefile
config.status:1203: creating msvc6/testNDC/Makefile
config.status:1203: creating msvc6/testNTEventLog/Makefile
config.status:1203: creating msvc6/testPattern/Makefile
config.status:1203: creating bcb5/Makefile
config.status:1203: creating bcb5/log4cpp/Makefile
config.status:1203: creating bcb5/testCategory/Makefile
config.status:1203: creating bcb5/testConfig/Makefile
config.status:1203: creating bcb5/testFixedContextCategory/Makefile
config.status:1203: creating bcb5/testmain/Makefile
config.status:1203: creating bcb5/testNDC/Makefile
config.status:1203: creating bcb5/testPattern/Makefile
config.status:1203: creating openvms/Makefile
config.status:1203: creating include/config.h
config.status:1432: executing depfiles commands
config.status:1432: executing libtool commands
configure:19111: result: creating include/log4cpp/config.h - prefix LOG4CPP for include/config.h defines

## ---------------- ##
## Cache variables. ##
## ---------------- ##

ac_cv_build=x86_64-unknown-linux-gnu
ac_cv_c_compiler_gnu=yes
ac_cv_c_int64_t=yes
ac_cv_cxx_compiler_gnu=yes
ac_cv_env_CCC_set=
ac_cv_env_CCC_value=
ac_cv_env_CC_set=set
ac_cv_env_CC_value=/home/test/android-ndk-r9c//toolchains/arm-linux-androideabi-4.8/prebuilt/linux-x86_64/bin/arm-linux-androideabi-gcc
ac_cv_env_CFLAGS_set=set
ac_cv_env_CFLAGS_value=' --sysroot=/home/test/android-ndk-r9c//platforms/android-9/arch-arm -I/home/test/android-ndk-r9c//platforms/android-9/arch-arm/usr/include -I/home/test/android-ndk-r9c//toolchains/arm-linux-androideabi-4.8/prebuilt/linux-x86_64/include -I/home/test/android/bionic'
ac_cv_env_CPPFLAGS_set=set
ac_cv_env_CPPFLAGS_value=' --sysroot=/home/test/android-ndk-r9c//platforms/android-9/arch-arm -I/home/test/android-ndk-r9c//platforms/android-9/arch-arm/usr/include -I/home/test/android-ndk-r9c//toolchains/arm-linux-androideabi-4.8/prebuilt/linux-x86_64/include -I/home/test/android/bionic'
ac_cv_env_CPP_set=set
ac_cv_env_CPP_value=/home/test/android-ndk-r9c//toolchains/arm-linux-androideabi-4.8/prebuilt/linux-x86_64/bin/arm-linux-androideabi-cpp
ac_cv_env_CXXCPP_set=
ac_cv_env_CXXCPP_value=
ac_cv_env_CXXFLAGS_set=
ac_cv_env_CXXFLAGS_value=
ac_cv_env_CXX_set=set
ac_cv_env_CXX_value=/home/test/android-ndk-r9c//toolchains/arm-linux-androideabi-4.8/prebuilt/linux-x86_64/bin/arm-linux-androideabi-g++
ac_cv_env_LDFLAGS_set=set
ac_cv_env_LDFLAGS_value=' -L/home/test/android-ndk-r9c//platforms/android-9/arch-arm/usr/lib -L/home/test/android-ndk-r9c//toolchains/arm-linux-androideabi-4.8/prebuilt/linux-x86_64/lib'
ac_cv_env_LIBS_set=
ac_cv_env_LIBS_value=
ac_cv_env_build_alias_set=
ac_cv_env_build_alias_value=
ac_cv_env_host_alias_set=set
ac_cv_env_host_alias_value=arm-linux-androideabi
ac_cv_env_target_alias_set=
ac_cv_env_target_alias_value=
ac_cv_func_ftime=yes
ac_cv_func_gettimeofday=yes
ac_cv_func_localtime_r=yes
ac_cv_func_snprintf=no
ac_cv_func_syslog=yes
ac_cv_header_dlfcn_h=yes
ac_cv_header_inttypes_h=yes
ac_cv_header_io_h=no
ac_cv_header_memory_h=yes
ac_cv_header_stdc=yes
ac_cv_header_stdint_h=yes
ac_cv_header_stdlib_h=yes
ac_cv_header_string_h=yes
ac_cv_header_strings_h=yes
ac_cv_header_sys_stat_h=yes
ac_cv_header_sys_types_h=yes
ac_cv_header_unistd_h=yes
ac_cv_host=arm-unknown-linux-androideabi
ac_cv_lib_nsl_gethostbyname=no
ac_cv_lib_socket_socket=no
ac_cv_objext=o
ac_cv_path_EGREP='/bin/grep -E'
ac_cv_path_FGREP='/bin/grep -F'
ac_cv_path_GREP=/bin/grep
ac_cv_path_SED=/bin/sed
ac_cv_path_install='/usr/bin/install -c'
ac_cv_path_mkdir=/bin/mkdir
ac_cv_prog_AR=/home/test/android-ndk-r9c//toolchains/arm-linux-androideabi-4.8/prebuilt/linux-x86_64/bin/arm-linux-androideabi-ar
ac_cv_prog_AWK=mawk
ac_cv_prog_CC=/home/test/android-ndk-r9c//toolchains/arm-linux-androideabi-4.8/prebuilt/linux-x86_64/bin/arm-linux-androideabi-gcc
ac_cv_prog_CPP=/home/test/android-ndk-r9c//toolchains/arm-linux-androideabi-4.8/prebuilt/linux-x86_64/bin/arm-linux-androideabi-cpp
ac_cv_prog_CXXCPP='/home/test/android-ndk-r9c//toolchains/arm-linux-androideabi-4.8/prebuilt/linux-x86_64/bin/arm-linux-androideabi-g++ -E'
ac_cv_prog_OBJDUMP=/home/test/android-ndk-r9c//toolchains/arm-linux-androideabi-4.8/prebuilt/linux-x86_64/bin/arm-linux-androideabi-objdump
ac_cv_prog_RANLIB=/home/test/android-ndk-r9c//toolchains/arm-linux-androideabi-4.8/prebuilt/linux-x86_64/bin/arm-linux-androideabi-ranlib
ac_cv_prog_STRIP=/home/test/android-ndk-r9c//toolchains/arm-linux-androideabi-4.8/prebuilt/linux-x86_64/bin/arm-linux-androideabi-strip
ac_cv_prog_ac_ct_MANIFEST_TOOL=mt
ac_cv_prog_cc_c89=
ac_cv_prog_cc_g=yes
ac_cv_prog_cxx_g=yes
ac_cv_prog_make_make_set=yes
am_cv_CC_dependencies_compiler_type=gcc3
am_cv_CXX_dependencies_compiler_type=gcc3
lt_cv_ar_at_file=@
lt_cv_archive_cmds_need_lc=no
lt_cv_deplibs_check_method=pass_all
lt_cv_file_magic_cmd='$MAGIC_CMD'
lt_cv_file_magic_test_file=
lt_cv_ld_reload_flag=-r
lt_cv_nm_interface='BSD nm'
lt_cv_objdir=.libs
lt_cv_path_LD=/home/test/android-ndk-r9c//toolchains/arm-linux-androideabi-4.8/prebuilt/linux-x86_64/bin/arm-linux-androideabi-ld
lt_cv_path_LDCXX=/home/test/android-ndk-r9c//toolchains/arm-linux-androideabi-4.8/prebuilt/linux-x86_64/bin/arm-linux-androideabi-ld
lt_cv_path_NM=/home/test/android-ndk-r9c//toolchains/arm-linux-androideabi-4.8/prebuilt/linux-x86_64/bin/arm-linux-androideabi-nm
lt_cv_path_mainfest_tool=no
lt_cv_prog_compiler_c_o=yes
lt_cv_prog_compiler_c_o_CXX=yes
lt_cv_prog_compiler_pic='-fPIC -DPIC'
lt_cv_prog_compiler_pic_CXX='-fPIC -DPIC'
lt_cv_prog_compiler_pic_works=yes
lt_cv_prog_compiler_pic_works_CXX=yes
lt_cv_prog_compiler_rtti_exceptions=no
lt_cv_prog_compiler_static_works=yes
lt_cv_prog_compiler_static_works_CXX=yes
lt_cv_prog_gnu_ld=yes
lt_cv_prog_gnu_ldcxx=yes
lt_cv_sharedlib_from_linklib_cmd='printf %s\n'
lt_cv_shlibpath_overrides_runpath=no
lt_cv_sys_global_symbol_pipe='sed -n -e '\''s/^.*[	 ]\([ABCDGIRSTW][ABCDGIRSTW]*\)[	 ][	 ]*\([_A-Za-z][_A-Za-z0-9]*\)$/\1 \2 \2/p'\'' | sed '\''/ __gnu_lto/d'\'''
lt_cv_sys_global_symbol_to_c_name_address='sed -n -e '\''s/^: \([^ ]*\)[ ]*$/  {\"\1\", (void *) 0},/p'\'' -e '\''s/^[ABCDGIRSTW]* \([^ ]*\) \([^ ]*\)$/  {"\2", (void *) \&\2},/p'\'''
lt_cv_sys_global_symbol_to_c_name_address_lib_prefix='sed -n -e '\''s/^: \([^ ]*\)[ ]*$/  {\"\1\", (void *) 0},/p'\'' -e '\''s/^[ABCDGIRSTW]* \([^ ]*\) \(lib[^ ]*\)$/  {"\2", (void *) \&\2},/p'\'' -e '\''s/^[ABCDGIRSTW]* \([^ ]*\) \([^ ]*\)$/  {"lib\2", (void *) \&\2},/p'\'''
lt_cv_sys_global_symbol_to_cdecl='sed -n -e '\''s/^T .* \(.*\)$/extern int \1();/p'\'' -e '\''s/^[ABCDGIRSTW]* .* \(.*\)$/extern char \1;/p'\'''
lt_cv_sys_max_cmd_len=1572864
lt_cv_to_host_file_cmd=func_convert_file_noop
lt_cv_to_tool_file_cmd=func_convert_file_noop

## ----------------- ##
## Output variables. ##
## ----------------- ##

ACLOCAL='aclocal-1.11'
AMDEPBACKSLASH='\'
AMDEP_FALSE='#'
AMDEP_TRUE=''
AMTAR='$${TAR-tar}'
AR='/home/test/android-ndk-r9c//toolchains/arm-linux-androideabi-4.8/prebuilt/linux-x86_64/bin/arm-linux-androideabi-ar'
AUTOCONF='autoconf'
AUTOHEADER='autoheader'
AUTOMAKE='automake-1.11'
AWK='mawk'
CC='/home/test/android-ndk-r9c//toolchains/arm-linux-androideabi-4.8/prebuilt/linux-x86_64/bin/arm-linux-androideabi-gcc'
CCDEPMODE='depmode=gcc3'
CFLAGS='  --sysroot=/home/test/android-ndk-r9c//platforms/android-9/arch-arm -I/home/test/android-ndk-r9c//platforms/android-9/arch-arm/usr/include -I/home/test/android-ndk-r9c//toolchains/arm-linux-androideabi-4.8/prebuilt/linux-x86_64/include -I/home/test/android/bionic -Wall -Wno-unused -pedantic'
CPP='/home/test/android-ndk-r9c//toolchains/arm-linux-androideabi-4.8/prebuilt/linux-x86_64/bin/arm-linux-androideabi-cpp'
CPPFLAGS=' --sysroot=/home/test/android-ndk-r9c//platforms/android-9/arch-arm -I/home/test/android-ndk-r9c//platforms/android-9/arch-arm/usr/include -I/home/test/android-ndk-r9c//toolchains/arm-linux-androideabi-4.8/prebuilt/linux-x86_64/include -I/home/test/android/bionic'
CXX='/home/test/android-ndk-r9c//toolchains/arm-linux-androideabi-4.8/prebuilt/linux-x86_64/bin/arm-linux-androideabi-g++'
CXXCPP='/home/test/android-ndk-r9c//toolchains/arm-linux-androideabi-4.8/prebuilt/linux-x86_64/bin/arm-linux-androideabi-g++ -E'
CXXDEPMODE='depmode=gcc3'
CXXFLAGS='  -Wall -Wno-unused -pedantic'
CYGPATH_W='echo'
DEFS='-DHAVE_CONFIG_H'
DEPDIR='.deps'
DLLTOOL='false'
DOC_FALSE=''
DOC_TRUE='#'
DOT=''
DOXYGEN=''
DSYMUTIL=''
DUMPBIN=''
ECHO_C=''
ECHO_N='-n'
ECHO_T=''
EGREP='/bin/grep -E'
EXEEXT=''
FGREP='/bin/grep -F'
GREP='/bin/grep'
INSTALL_DATA='${INSTALL} -m 644'
INSTALL_PROGRAM='${INSTALL}'
INSTALL_SCRIPT='${INSTALL}'
INSTALL_STRIP_PROGRAM='$(install_sh) -c -s'
LD='/home/test/android-ndk-r9c//toolchains/arm-linux-androideabi-4.8/prebuilt/linux-x86_64/bin/arm-linux-androideabi-ld'
LDFLAGS=' -L/home/test/android-ndk-r9c//platforms/android-9/arch-arm/usr/lib -L/home/test/android-ndk-r9c//toolchains/arm-linux-androideabi-4.8/prebuilt/linux-x86_64/lib'
LIBOBJS=''
LIBS=' '
LIBTOOL='$(SHELL) $(top_builddir)/libtool'
LIPO=''
LN_S='ln -s'
LOG4CPP_CONFIG='log4cpp-config'
LOG4CPP_CONFLICTS=''
LOG4CPP_PKGCONFIG='log4cpp-config'
LOG4CPP_REQUIRES=''
LOG4CPP_VERSION='1.1'
LTLIBOBJS=''
LT_VERSION='5:6:0'
MAKEINFO='makeinfo'
MANIFEST_TOOL=':'
MKDIR_P='/bin/mkdir -p'
NM='/home/test/android-ndk-r9c//toolchains/arm-linux-androideabi-4.8/prebuilt/linux-x86_64/bin/arm-linux-androideabi-nm'
NMEDIT=''
OBJDUMP='/home/test/android-ndk-r9c//toolchains/arm-linux-androideabi-4.8/prebuilt/linux-x86_64/bin/arm-linux-androideabi-objdump'
OBJEXT='o'
OTOOL64=''
OTOOL=''
PACKAGE='log4cpp'
PACKAGE_BUGREPORT=''
PACKAGE_NAME='log4cpp'
PACKAGE_STRING='log4cpp 1.1'
PACKAGE_TARNAME='log4cpp'
PACKAGE_URL=''
PACKAGE_VERSION='1.1'
PATH_SEPARATOR=':'
PTHREAD_CC='/home/test/android-ndk-r9c//toolchains/arm-linux-androideabi-4.8/prebuilt/linux-x86_64/bin/arm-linux-androideabi-gcc'
PTHREAD_CFLAGS=''
PTHREAD_LIBS=''
RANLIB='/home/test/android-ndk-r9c//toolchains/arm-linux-androideabi-4.8/prebuilt/linux-x86_64/bin/arm-linux-androideabi-ranlib'
SED='/bin/sed'
SET_MAKE=''
SHELL='/bin/bash'
STRIP='/home/test/android-ndk-r9c//toolchains/arm-linux-androideabi-4.8/prebuilt/linux-x86_64/bin/arm-linux-androideabi-strip'
VERSION='1.1'
ac_ct_AR=''
ac_ct_CC=''
ac_ct_CXX=''
ac_ct_DUMPBIN=''
acx_pthread_config=''
am__EXEEXT_FALSE=''
am__EXEEXT_TRUE='#'
am__fastdepCC_FALSE='#'
am__fastdepCC_TRUE=''
am__fastdepCXX_FALSE='#'
am__fastdepCXX_TRUE=''
am__include='include'
am__isrc=''
am__leading_dot='.'
am__nodep='_no'
am__quote=''
am__tar='$${TAR-tar} chof - "$$tardir"'
am__untar='$${TAR-tar} xf -'
bindir='${exec_prefix}/bin'
build='x86_64-unknown-linux-gnu'
build_alias=''
build_cpu='x86_64'
build_os='linux-gnu'
build_vendor='unknown'
datadir='${datarootdir}'
datarootdir='${prefix}/share'
docdir='${datarootdir}/doc/${PACKAGE_TARNAME}'
dvidir='${docdir}'
enable_dot='no'
enable_html_docs='yes'
enable_latex_docs='no'
exec_prefix='${prefix}'
host='arm-unknown-linux-androideabi'
host_alias='arm-linux-androideabi'
host_cpu='arm'
host_os='linux-androideabi'
host_vendor='unknown'
htmldir='${docdir}'
includedir='${prefix}/include'
infodir='${datarootdir}/info'
install_sh='${SHELL} /home/test/GitHubSuman/log4cpp-codegit/config/install-sh'
libdir='${exec_prefix}/lib'
libexecdir='${exec_prefix}/libexec'
localedir='${datarootdir}/locale'
localstatedir='${prefix}/var'
log4cpp_cflags=' '
log4cpp_libs='-llog4cpp  '
mandir='${datarootdir}/man'
mkdir_p='/bin/mkdir -p'
oldincludedir='/usr/include'
pdfdir='${docdir}'
prefix='/home/test/android/prefix'
program_transform_name='s,x,x,'
psdir='${docdir}'
sbindir='${exec_prefix}/sbin'
sharedstatedir='${prefix}/com'
sysconfdir='${prefix}/etc'
target=''
target_alias=''

## ----------- ##
## confdefs.h. ##
## ----------- ##

/* confdefs.h */
#define PACKAGE_NAME "log4cpp"
#define PACKAGE_TARNAME "log4cpp"
#define PACKAGE_VERSION "1.1"
#define PACKAGE_STRING "log4cpp 1.1"
#define PACKAGE_BUGREPORT ""
#define PACKAGE_URL ""
#define PACKAGE "log4cpp"
#define VERSION "1.1"
#define STDC_HEADERS 1
#define HAVE_SYS_TYPES_H 1
#define HAVE_SYS_STAT_H 1
#define HAVE_STDLIB_H 1
#define HAVE_STRING_H 1
#define HAVE_MEMORY_H 1
#define HAVE_STRINGS_H 1
#define HAVE_INTTYPES_H 1
#define HAVE_STDINT_H 1
#define HAVE_UNISTD_H 1
#define HAVE_DLFCN_H 1
#define LT_OBJDIR ".libs/"
#define HAVE_UNISTD_H 1
#define HAVE_INT64_T /**/
#define HAVE_STDINT_H /**/
#define HAVE_SYSLOG 1
#define HAVE_GETTIMEOFDAY 1
#define HAVE_FTIME 1
#define HAVE_LOCALTIME_R 1
#define HAVE_PTHREAD 1
#define HAVE_THREADING 1
#define USE_PTHREADS 1
#define HAVE_SSTREAM 1

configure: exit 0
